---------------------------------------------------------------
[ 2019-06-21T09:37:31+08:00 ] 127.0.0.1 POST /seogjc.html
[ error ] [0]数据表字段不存在:[email]
---------------------------------------------------------------
[ 2019-06-21T09:49:40+08:00 ] 127.0.0.1 GET /admin/youhua/zt
[ error ] [1]Uncaught think\exception\ErrorException: Undefined variable: userinfo_auto in E:\data\newsyun\runtime\temp\38238a8349b80b05246b2e6a029eec41.php:49
Stack trace:
#0 E:\data\newsyun\runtime\temp\38238a8349b80b05246b2e6a029eec41.php(49): think\Error::appError(8, 'Undefined varia...', 'E:\\data\\newsyun...', 49, Array)
#1 E:\data\newsyun\thinkphp\library\think\template\driver\File.php(55): include('E:\\data\\newsyun...')
#2 E:\data\newsyun\thinkphp\library\think\Template.php(233): think\template\driver\File->read('E:\\data\\newsyun...', Array)
#3 E:\data\newsyun\thinkphp\library\think\view\driver\Think.php(87): think\Template->fetch('E:\\data\\newsyun...', Array, Array)
#4 E:\data\newsyun\thinkphp\library\think\View.php(175): think\view\driver\Think->fetch('E:\\data\\newsyun...', Array, Array)
#5 E:\data\newsyun\thinkphp\library\think\response\View.php(38): think\View->fetch('E:\\data\\newsyun...', Array)
#6 E:\data\newsyun\thinkphp\library\think\Response.php(378): think\response\View->output('E:\\data\\newsyun...
---------------------------------------------------------------
[ 2019-06-21T10:25:19+08:00 ] 127.0.0.1 GET /admin/youhua/zt?limit=20&_pjax=%23Contentspjax
[ error ] [8]未定义变量: i
---------------------------------------------------------------
[ 2019-06-21T10:33:48+08:00 ] 127.0.0.1 GET /seoyouhua.html
[ error ] [0]语法解析错误: syntax error, unexpected '$k' (T_VARIABLE)
---------------------------------------------------------------
[ 2019-06-21T10:35:11+08:00 ] 127.0.0.1 GET /seoyouhua.html
[ error ] [0]语法解析错误: syntax error, unexpected 'endforeach' (T_ENDFOREACH), expecting elseif (T_ELSEIF) or else (T_ELSE) or endif (T_ENDIF)
---------------------------------------------------------------
[ 2019-06-21T10:44:28+08:00 ] 127.0.0.1 GET /seoyouhua.html
[ error ] [10501]SQLSTATE[42S22]: Column not found: 1054 Unknown column 'cateid' in 'where clause'
---------------------------------------------------------------
[ 2019-06-21T10:46:08+08:00 ] 127.0.0.1 GET /seoyouhua.html
[ error ] [2]Invalid argument supplied for foreach()
---------------------------------------------------------------
[ 2019-06-21T11:39:09+08:00 ] 127.0.0.1 GET /admin/online/onlinelist
[ error ] [1]Uncaught think\exception\ErrorException: Undefined variable: userinfo_auto in E:\data\newsyun\runtime\temp\38238a8349b80b05246b2e6a029eec41.php:49
Stack trace:
#0 E:\data\newsyun\runtime\temp\38238a8349b80b05246b2e6a029eec41.php(49): think\Error::appError(8, 'Undefined varia...', 'E:\\data\\newsyun...', 49, Array)
#1 E:\data\newsyun\thinkphp\library\think\template\driver\File.php(55): include('E:\\data\\newsyun...')
#2 E:\data\newsyun\thinkphp\library\think\Template.php(233): think\template\driver\File->read('E:\\data\\newsyun...', Array)
#3 E:\data\newsyun\thinkphp\library\think\view\driver\Think.php(87): think\Template->fetch('E:\\data\\newsyun...', Array, Array)
#4 E:\data\newsyun\thinkphp\library\think\View.php(175): think\view\driver\Think->fetch('E:\\data\\newsyun...', Array, Array)
#5 E:\data\newsyun\thinkphp\library\think\response\View.php(38): think\View->fetch('E:\\data\\newsyun...', Array)
#6 E:\data\newsyun\thinkphp\library\think\Response.php(378): think\response\View->output('E:\\data\\newsyun...
---------------------------------------------------------------
[ 2019-06-21T11:40:21+08:00 ] 127.0.0.1 GET /admin/online/onlinelist
[ error ] [1]Uncaught think\exception\ErrorException: Undefined variable: userinfo_auto in E:\data\newsyun\runtime\temp\38238a8349b80b05246b2e6a029eec41.php:49
Stack trace:
#0 E:\data\newsyun\runtime\temp\38238a8349b80b05246b2e6a029eec41.php(49): think\Error::appError(8, 'Undefined varia...', 'E:\\data\\newsyun...', 49, Array)
#1 E:\data\newsyun\thinkphp\library\think\template\driver\File.php(55): include('E:\\data\\newsyun...')
#2 E:\data\newsyun\thinkphp\library\think\Template.php(233): think\template\driver\File->read('E:\\data\\newsyun...', Array)
#3 E:\data\newsyun\thinkphp\library\think\view\driver\Think.php(87): think\Template->fetch('E:\\data\\newsyun...', Array, Array)
#4 E:\data\newsyun\thinkphp\library\think\View.php(175): think\view\driver\Think->fetch('E:\\data\\newsyun...', Array, Array)
#5 E:\data\newsyun\thinkphp\library\think\response\View.php(38): think\View->fetch('E:\\data\\newsyun...', Array)
#6 E:\data\newsyun\thinkphp\library\think\Response.php(378): think\response\View->output('E:\\data\\newsyun...
---------------------------------------------------------------
[ 2019-06-21T11:40:31+08:00 ] 127.0.0.1 GET /admin/online/onlinelist
[ error ] [1]Uncaught think\exception\ErrorException: Undefined variable: userinfo_auto in E:\data\newsyun\runtime\temp\38238a8349b80b05246b2e6a029eec41.php:49
Stack trace:
#0 E:\data\newsyun\runtime\temp\38238a8349b80b05246b2e6a029eec41.php(49): think\Error::appError(8, 'Undefined varia...', 'E:\\data\\newsyun...', 49, Array)
#1 E:\data\newsyun\thinkphp\library\think\template\driver\File.php(55): include('E:\\data\\newsyun...')
#2 E:\data\newsyun\thinkphp\library\think\Template.php(233): think\template\driver\File->read('E:\\data\\newsyun...', Array)
#3 E:\data\newsyun\thinkphp\library\think\view\driver\Think.php(87): think\Template->fetch('E:\\data\\newsyun...', Array, Array)
#4 E:\data\newsyun\thinkphp\library\think\View.php(175): think\view\driver\Think->fetch('E:\\data\\newsyun...', Array, Array)
#5 E:\data\newsyun\thinkphp\library\think\response\View.php(38): think\View->fetch('E:\\data\\newsyun...', Array)
#6 E:\data\newsyun\thinkphp\library\think\Response.php(378): think\response\View->output('E:\\data\\newsyun...
---------------------------------------------------------------
[ 2019-06-21T11:40:32+08:00 ] 127.0.0.1 GET /admin/online/onlinelist
[ error ] [1]Uncaught think\exception\ErrorException: Undefined variable: userinfo_auto in E:\data\newsyun\runtime\temp\38238a8349b80b05246b2e6a029eec41.php:49
Stack trace:
#0 E:\data\newsyun\runtime\temp\38238a8349b80b05246b2e6a029eec41.php(49): think\Error::appError(8, 'Undefined varia...', 'E:\\data\\newsyun...', 49, Array)
#1 E:\data\newsyun\thinkphp\library\think\template\driver\File.php(55): include('E:\\data\\newsyun...')
#2 E:\data\newsyun\thinkphp\library\think\Template.php(233): think\template\driver\File->read('E:\\data\\newsyun...', Array)
#3 E:\data\newsyun\thinkphp\library\think\view\driver\Think.php(87): think\Template->fetch('E:\\data\\newsyun...', Array, Array)
#4 E:\data\newsyun\thinkphp\library\think\View.php(175): think\view\driver\Think->fetch('E:\\data\\newsyun...', Array, Array)
#5 E:\data\newsyun\thinkphp\library\think\response\View.php(38): think\View->fetch('E:\\data\\newsyun...', Array)
#6 E:\data\newsyun\thinkphp\library\think\Response.php(378): think\response\View->output('E:\\data\\newsyun...
---------------------------------------------------------------
[ 2019-06-21T11:40:32+08:00 ] 127.0.0.1 GET /admin/online/onlinelist
[ error ] [1]Uncaught think\exception\ErrorException: Undefined variable: userinfo_auto in E:\data\newsyun\runtime\temp\38238a8349b80b05246b2e6a029eec41.php:49
Stack trace:
#0 E:\data\newsyun\runtime\temp\38238a8349b80b05246b2e6a029eec41.php(49): think\Error::appError(8, 'Undefined varia...', 'E:\\data\\newsyun...', 49, Array)
#1 E:\data\newsyun\thinkphp\library\think\template\driver\File.php(55): include('E:\\data\\newsyun...')
#2 E:\data\newsyun\thinkphp\library\think\Template.php(233): think\template\driver\File->read('E:\\data\\newsyun...', Array)
#3 E:\data\newsyun\thinkphp\library\think\view\driver\Think.php(87): think\Template->fetch('E:\\data\\newsyun...', Array, Array)
#4 E:\data\newsyun\thinkphp\library\think\View.php(175): think\view\driver\Think->fetch('E:\\data\\newsyun...', Array, Array)
#5 E:\data\newsyun\thinkphp\library\think\response\View.php(38): think\View->fetch('E:\\data\\newsyun...', Array)
#6 E:\data\newsyun\thinkphp\library\think\Response.php(378): think\response\View->output('E:\\data\\newsyun...
---------------------------------------------------------------
[ 2019-06-21T11:40:32+08:00 ] 127.0.0.1 GET /admin/online/onlinelist
[ error ] [1]Uncaught think\exception\ErrorException: Undefined variable: userinfo_auto in E:\data\newsyun\runtime\temp\38238a8349b80b05246b2e6a029eec41.php:49
Stack trace:
#0 E:\data\newsyun\runtime\temp\38238a8349b80b05246b2e6a029eec41.php(49): think\Error::appError(8, 'Undefined varia...', 'E:\\data\\newsyun...', 49, Array)
#1 E:\data\newsyun\thinkphp\library\think\template\driver\File.php(55): include('E:\\data\\newsyun...')
#2 E:\data\newsyun\thinkphp\library\think\Template.php(233): think\template\driver\File->read('E:\\data\\newsyun...', Array)
#3 E:\data\newsyun\thinkphp\library\think\view\driver\Think.php(87): think\Template->fetch('E:\\data\\newsyun...', Array, Array)
#4 E:\data\newsyun\thinkphp\library\think\View.php(175): think\view\driver\Think->fetch('E:\\data\\newsyun...', Array, Array)
#5 E:\data\newsyun\thinkphp\library\think\response\View.php(38): think\View->fetch('E:\\data\\newsyun...', Array)
#6 E:\data\newsyun\thinkphp\library\think\Response.php(378): think\response\View->output('E:\\data\\newsyun...
---------------------------------------------------------------
[ 2019-06-21T11:40:46+08:00 ] 127.0.0.1 GET /admin/online/onlinelist
[ error ] [1]Uncaught think\exception\ErrorException: Undefined variable: userinfo_auto in E:\data\newsyun\runtime\temp\38238a8349b80b05246b2e6a029eec41.php:49
Stack trace:
#0 E:\data\newsyun\runtime\temp\38238a8349b80b05246b2e6a029eec41.php(49): think\Error::appError(8, 'Undefined varia...', 'E:\\data\\newsyun...', 49, Array)
#1 E:\data\newsyun\thinkphp\library\think\template\driver\File.php(55): include('E:\\data\\newsyun...')
#2 E:\data\newsyun\thinkphp\library\think\Template.php(233): think\template\driver\File->read('E:\\data\\newsyun...', Array)
#3 E:\data\newsyun\thinkphp\library\think\view\driver\Think.php(87): think\Template->fetch('E:\\data\\newsyun...', Array, Array)
#4 E:\data\newsyun\thinkphp\library\think\View.php(175): think\view\driver\Think->fetch('E:\\data\\newsyun...', Array, Array)
#5 E:\data\newsyun\thinkphp\library\think\response\View.php(38): think\View->fetch('E:\\data\\newsyun...', Array)
#6 E:\data\newsyun\thinkphp\library\think\Response.php(378): think\response\View->output('E:\\data\\newsyun...
---------------------------------------------------------------
[ 2019-06-21T11:40:50+08:00 ] 127.0.0.1 GET /admin/online/onlinelist
[ error ] [1]Uncaught think\exception\ErrorException: Undefined variable: userinfo_auto in E:\data\newsyun\runtime\temp\38238a8349b80b05246b2e6a029eec41.php:49
Stack trace:
#0 E:\data\newsyun\runtime\temp\38238a8349b80b05246b2e6a029eec41.php(49): think\Error::appError(8, 'Undefined varia...', 'E:\\data\\newsyun...', 49, Array)
#1 E:\data\newsyun\thinkphp\library\think\template\driver\File.php(55): include('E:\\data\\newsyun...')
#2 E:\data\newsyun\thinkphp\library\think\Template.php(233): think\template\driver\File->read('E:\\data\\newsyun...', Array)
#3 E:\data\newsyun\thinkphp\library\think\view\driver\Think.php(87): think\Template->fetch('E:\\data\\newsyun...', Array, Array)
#4 E:\data\newsyun\thinkphp\library\think\View.php(175): think\view\driver\Think->fetch('E:\\data\\newsyun...', Array, Array)
#5 E:\data\newsyun\thinkphp\library\think\response\View.php(38): think\View->fetch('E:\\data\\newsyun...', Array)
#6 E:\data\newsyun\thinkphp\library\think\Response.php(378): think\response\View->output('E:\\data\\newsyun...
---------------------------------------------------------------
[ 2019-06-21T11:40:52+08:00 ] 127.0.0.1 GET /admin/online/onlinelist
[ error ] [1]Uncaught think\exception\ErrorException: Undefined variable: userinfo_auto in E:\data\newsyun\runtime\temp\38238a8349b80b05246b2e6a029eec41.php:49
Stack trace:
#0 E:\data\newsyun\runtime\temp\38238a8349b80b05246b2e6a029eec41.php(49): think\Error::appError(8, 'Undefined varia...', 'E:\\data\\newsyun...', 49, Array)
#1 E:\data\newsyun\thinkphp\library\think\template\driver\File.php(55): include('E:\\data\\newsyun...')
#2 E:\data\newsyun\thinkphp\library\think\Template.php(233): think\template\driver\File->read('E:\\data\\newsyun...', Array)
#3 E:\data\newsyun\thinkphp\library\think\view\driver\Think.php(87): think\Template->fetch('E:\\data\\newsyun...', Array, Array)
#4 E:\data\newsyun\thinkphp\library\think\View.php(175): think\view\driver\Think->fetch('E:\\data\\newsyun...', Array, Array)
#5 E:\data\newsyun\thinkphp\library\think\response\View.php(38): think\View->fetch('E:\\data\\newsyun...', Array)
#6 E:\data\newsyun\thinkphp\library\think\Response.php(378): think\response\View->output('E:\\data\\newsyun...
