---------------------------------------------------------------
[ 2019-07-03T08:57:54+08:00 ] 127.0.0.1 GET /
[ sql ] [ DB ] CONNECT:[ UseTime:0.043276s ] mysql:host=127.0.0.1;port=3306;dbname=yuntianxiav2;charset=utf8
[ sql ] [ SQL ] SHOW COLUMNS FROM `config` [ RunTime:0.019104s ]
[ sql ] [ SQL ] SELECT * FROM `config` LIMIT 1 [ RunTime:0.000944s ]
[ sql ] [ EXPLAIN : array (
  'id' => 1,
  'select_type' => 'SIMPLE',
  'table' => 'config',
  'type' => 'ALL',
  'possible_keys' => NULL,
  'key' => NULL,
  'key_len' => NULL,
  'ref' => NULL,
  'rows' => 1,
  'extra' => '',
) ]
[ sql ] [ SQL ] SHOW COLUMNS FROM `cate` [ RunTime:0.017633s ]
[ sql ] [ SQL ] SELECT * FROM `cate` WHERE  `tid` = 1  AND `pid` = 0  AND `ist` = 1 [ RunTime:0.000896s ]
[ sql ] [ EXPLAIN : array (
  'id' => 1,
  'select_type' => 'SIMPLE',
  'table' => 'cate',
  'type' => 'ref',
  'possible_keys' => 'tid,pid',
  'key' => 'pid',
  'key_len' => '4',
  'ref' => 'const',
  'rows' => 16,
  'extra' => 'Using where',
) ]
[ sql ] [ SQL ] SHOW COLUMNS FROM `friendlink` [ RunTime:0.015145s ]
[ sql ] [ SQL ] SELECT * FROM `friendlink` WHERE  `ist` = 1 ORDER BY `orders`  asc [ RunTime:0.000690s ]
[ sql ] [ EXPLAIN : array (
  'id' => 1,
  'select_type' => 'SIMPLE',
  'table' => 'friendlink',
  'type' => 'ALL',
  'possible_keys' => NULL,
  'key' => NULL,
  'key_len' => NULL,
  'ref' => NULL,
  'rows' => 24,
  'extra' => 'Using where; Using filesort',
) ]
[ sql ] [ SQL ] SELECT * FROM `cate` WHERE  `pid` = 25  AND `ist` = 1 ORDER BY `orders`  asc [ RunTime:0.000618s ]
[ sql ] [ EXPLAIN : array (
  'id' => 1,
  'select_type' => 'SIMPLE',
  'table' => 'cate',
  'type' => 'ref',
  'possible_keys' => 'pid',
  'key' => 'pid',
  'key_len' => '4',
  'ref' => 'const',
  'rows' => 1,
  'extra' => 'Using where; Using filesort',
) ]
[ sql ] [ SQL ] SELECT * FROM `cate` WHERE  `pid` = 26  AND `ist` = 1 ORDER BY `orders`  asc [ RunTime:0.000510s ]
[ sql ] [ EXPLAIN : array (
  'id' => 1,
  'select_type' => 'SIMPLE',
  'table' => 'cate',
  'type' => 'ref',
  'possible_keys' => 'pid',
  'key' => 'pid',
  'key_len' => '4',
  'ref' => 'const',
  'rows' => 4,
  'extra' => 'Using where; Using filesort',
) ]
[ sql ] [ SQL ] SELECT * FROM `cate` WHERE  `pid` = 40  AND `ist` = 1 ORDER BY `orders`  asc [ RunTime:0.000592s ]
[ sql ] [ EXPLAIN : array (
  'id' => 1,
  'select_type' => 'SIMPLE',
  'table' => 'cate',
  'type' => 'ref',
  'possible_keys' => 'pid',
  'key' => 'pid',
  'key_len' => '4',
  'ref' => 'const',
  'rows' => 1,
  'extra' => 'Using where; Using filesort',
) ]
[ sql ] [ SQL ] SELECT * FROM `cate` WHERE  `pid` = 41  AND `ist` = 1 ORDER BY `orders`  asc [ RunTime:0.000595s ]
[ sql ] [ EXPLAIN : array (
  'id' => 1,
  'select_type' => 'SIMPLE',
  'table' => 'cate',
  'type' => 'ref',
  'possible_keys' => 'pid',
  'key' => 'pid',
  'key_len' => '4',
  'ref' => 'const',
  'rows' => 6,
  'extra' => 'Using where; Using filesort',
) ]
[ sql ] [ SQL ] SELECT * FROM `cate` WHERE  `pid` = 42  AND `ist` = 1 ORDER BY `orders`  asc [ RunTime:0.000617s ]
[ sql ] [ EXPLAIN : array (
  'id' => 1,
  'select_type' => 'SIMPLE',
  'table' => 'cate',
  'type' => 'ref',
  'possible_keys' => 'pid',
  'key' => 'pid',
  'key_len' => '4',
  'ref' => 'const',
  'rows' => 5,
  'extra' => 'Using where; Using filesort',
) ]
[ sql ] [ SQL ] SELECT * FROM `cate` WHERE  `pid` = 44  AND `ist` = 1 ORDER BY `orders`  asc [ RunTime:0.000631s ]
[ sql ] [ EXPLAIN : array (
  'id' => 1,
  'select_type' => 'SIMPLE',
  'table' => 'cate',
  'type' => 'ref',
  'possible_keys' => 'pid',
  'key' => 'pid',
  'key_len' => '4',
  'ref' => 'const',
  'rows' => 7,
  'extra' => 'Using where; Using filesort',
) ]
[ sql ] [ SQL ] SELECT * FROM `cate` WHERE  `pid` = 67  AND `ist` = 1 ORDER BY `orders`  asc [ RunTime:0.000476s ]
[ sql ] [ EXPLAIN : array (
  'id' => 1,
  'select_type' => 'SIMPLE',
  'table' => 'cate',
  'type' => 'ref',
  'possible_keys' => 'pid',
  'key' => 'pid',
  'key_len' => '4',
  'ref' => 'const',
  'rows' => 1,
  'extra' => 'Using where; Using filesort',
) ]
[ sql ] [ SQL ] SELECT * FROM `cate` WHERE  `pid` = 70  AND `ist` = 1 ORDER BY `orders`  asc [ RunTime:0.000478s ]
[ sql ] [ EXPLAIN : array (
  'id' => 1,
  'select_type' => 'SIMPLE',
  'table' => 'cate',
  'type' => 'ref',
  'possible_keys' => 'pid',
  'key' => 'pid',
  'key_len' => '4',
  'ref' => 'const',
  'rows' => 1,
  'extra' => 'Using where; Using filesort',
) ]
[ sql ] [ SQL ] SELECT * FROM `cate` WHERE  `pid` = 41 [ RunTime:0.000496s ]
[ sql ] [ EXPLAIN : array (
  'id' => 1,
  'select_type' => 'SIMPLE',
  'table' => 'cate',
  'type' => 'ref',
  'possible_keys' => 'pid',
  'key' => 'pid',
  'key_len' => '4',
  'ref' => 'const',
  'rows' => 6,
  'extra' => '',
) ]
[ sql ] [ SQL ] SELECT * FROM `cate` WHERE  `ist` = 1  AND `pid` = 42 ORDER BY `orders`  asc [ RunTime:0.000530s ]
[ sql ] [ EXPLAIN : array (
  'id' => 1,
  'select_type' => 'SIMPLE',
  'table' => 'cate',
  'type' => 'ref',
  'possible_keys' => 'pid',
  'key' => 'pid',
  'key_len' => '4',
  'ref' => 'const',
  'rows' => 5,
  'extra' => 'Using where; Using filesort',
) ]
[ sql ] [ SQL ] SELECT * FROM `cate` WHERE  `ist` = 1  AND `pid` = 44 [ RunTime:0.000427s ]
[ sql ] [ EXPLAIN : array (
  'id' => 1,
  'select_type' => 'SIMPLE',
  'table' => 'cate',
  'type' => 'ref',
  'possible_keys' => 'pid',
  'key' => 'pid',
  'key_len' => '4',
  'ref' => 'const',
  'rows' => 7,
  'extra' => 'Using where',
) ]
[ sql ] [ SQL ] SELECT * FROM `cate` WHERE  `pid` = 70 [ RunTime:0.000428s ]
[ sql ] [ EXPLAIN : array (
  'id' => 1,
  'select_type' => 'SIMPLE',
  'table' => 'cate',
  'type' => 'ref',
  'possible_keys' => 'pid',
  'key' => 'pid',
  'key_len' => '4',
  'ref' => 'const',
  'rows' => 1,
  'extra' => '',
) ]
[ sql ] [ SQL ] SELECT * FROM `cate` WHERE  `pid` = 67 [ RunTime:0.000403s ]
[ sql ] [ EXPLAIN : array (
  'id' => 1,
  'select_type' => 'SIMPLE',
  'table' => 'cate',
  'type' => 'ref',
  'possible_keys' => 'pid',
  'key' => 'pid',
  'key_len' => '4',
  'ref' => 'const',
  'rows' => 1,
  'extra' => '',
) ]
[ sql ] [ SQL ] SHOW COLUMNS FROM `article` [ RunTime:0.025780s ]
[ sql ] [ SQL ] SELECT * FROM `article` WHERE  `cateid` = 40 ORDER BY `orders`  asc LIMIT 16 [ RunTime:0.004507s ]
[ sql ] [ EXPLAIN : array (
  'id' => 1,
  'select_type' => 'SIMPLE',
  'table' => 'article',
  'type' => 'ref',
  'possible_keys' => 'cateid',
  'key' => 'cateid',
  'key_len' => '4',
  'ref' => 'const',
  'rows' => 18,
  'extra' => 'Using where; Using filesort',
) ]
[ sql ] [ SQL ] SELECT * FROM `cate` WHERE  `pid` = 92 [ RunTime:0.000520s ]
[ sql ] [ EXPLAIN : array (
  'id' => 1,
  'select_type' => 'SIMPLE',
  'table' => 'cate',
  'type' => 'ref',
  'possible_keys' => 'pid',
  'key' => 'pid',
  'key_len' => '4',
  'ref' => 'const',
  'rows' => 1,
  'extra' => '',
) ]
[ sql ] [ SQL ] SELECT * FROM `article` WHERE  `cateid` IN (93) ORDER BY `orders`  asc,`id`  desc [ RunTime:0.010773s ]
[ sql ] [ EXPLAIN : array (
  'id' => 1,
  'select_type' => 'SIMPLE',
  'table' => 'article',
  'type' => 'ref',
  'possible_keys' => 'cateid',
  'key' => 'cateid',
  'key_len' => '4',
  'ref' => 'const',
  'rows' => 58,
  'extra' => 'Using where; Using filesort',
) ]
[ sql ] [ SQL ] SELECT * FROM `article` WHERE  `cateid` = 94 ORDER BY `orders`  asc,`id`  desc [ RunTime:0.001798s ]
[ sql ] [ EXPLAIN : array (
  'id' => 1,
  'select_type' => 'SIMPLE',
  'table' => 'article',
  'type' => 'ref',
  'possible_keys' => 'cateid',
  'key' => 'cateid',
  'key_len' => '4',
  'ref' => 'const',
  'rows' => 8,
  'extra' => 'Using where; Using filesort',
) ]
[ sql ] [ SQL ] SHOW COLUMNS FROM `seo` [ RunTime:0.015531s ]
[ sql ] [ SQL ] SELECT * FROM `seo` WHERE  `cate` = '首页' LIMIT 1 [ RunTime:0.000591s ]
[ sql ] [ EXPLAIN : array (
  'id' => 1,
  'select_type' => 'SIMPLE',
  'table' => 'seo',
  'type' => 'ALL',
  'possible_keys' => NULL,
  'key' => NULL,
  'key_len' => NULL,
  'ref' => NULL,
  'rows' => 21,
  'extra' => 'Using where',
) ]
[ sql ] [ SQL ] SELECT * FROM `article` WHERE  `cateid` = 65 LIMIT 1 [ RunTime:0.001068s ]
[ sql ] [ EXPLAIN : array (
  'id' => 1,
  'select_type' => 'SIMPLE',
  'table' => 'article',
  'type' => 'ref',
  'possible_keys' => 'cateid',
  'key' => 'cateid',
  'key_len' => '4',
  'ref' => 'const',
  'rows' => 1,
  'extra' => '',
) ]
[ sql ] [ SQL ] SHOW COLUMNS FROM `banner` [ RunTime:0.016589s ]
[ sql ] [ SQL ] SELECT * FROM `banner` WHERE  `cateid` = 39  AND `ist` = 1 ORDER BY `orders`  asc [ RunTime:0.000619s ]
[ sql ] [ EXPLAIN : array (
  'id' => 1,
  'select_type' => 'SIMPLE',
  'table' => 'banner',
  'type' => 'ALL',
  'possible_keys' => NULL,
  'key' => NULL,
  'key_len' => NULL,
  'ref' => NULL,
  'rows' => 47,
  'extra' => 'Using where; Using filesort',
) ]
[ sql ] [ SQL ] SELECT * FROM `article` WHERE  `cateid` = 57 LIMIT 1 [ RunTime:0.000597s ]
[ sql ] [ EXPLAIN : array (
  'id' => 1,
  'select_type' => 'SIMPLE',
  'table' => 'article',
  'type' => 'ref',
  'possible_keys' => 'cateid',
  'key' => 'cateid',
  'key_len' => '4',
  'ref' => 'const',
  'rows' => 1,
  'extra' => '',
) ]
[ sql ] [ SQL ] SELECT * FROM `article` WHERE  `cateid` IN (41,72,73,74,75,76,77)  AND `ist` = 1 ORDER BY `orders`  asc,`id`  desc LIMIT 9 [ RunTime:0.004512s ]
[ sql ] [ EXPLAIN : array (
  'id' => 1,
  'select_type' => 'SIMPLE',
  'table' => 'article',
  'type' => 'range',
  'possible_keys' => 'cateid,ist',
  'key' => 'cateid',
  'key_len' => '4',
  'ref' => NULL,
  'rows' => 38,
  'extra' => 'Using where; Using filesort',
) ]
[ sql ] [ SQL ] SELECT * FROM `article` WHERE  `cateid` = 58 [ RunTime:0.000613s ]
[ sql ] [ EXPLAIN : array (
  'id' => 1,
  'select_type' => 'SIMPLE',
  'table' => 'article',
  'type' => 'ref',
  'possible_keys' => 'cateid',
  'key' => 'cateid',
  'key_len' => '4',
  'ref' => 'const',
  'rows' => 4,
  'extra' => '',
) ]
[ sql ] [ SQL ] SELECT * FROM `banner` WHERE  `cateid` = 64  AND `ist` = 1 ORDER BY `orders`  asc LIMIT 36 [ RunTime:0.000764s ]
[ sql ] [ EXPLAIN : array (
  'id' => 1,
  'select_type' => 'SIMPLE',
  'table' => 'banner',
  'type' => 'ALL',
  'possible_keys' => NULL,
  'key' => NULL,
  'key_len' => NULL,
  'ref' => NULL,
  'rows' => 47,
  'extra' => 'Using where; Using filesort',
) ]
[ sql ] [ SQL ] SELECT * FROM `article` WHERE  `ist` = 1  AND `cateid` IN (45,46,47,48) ORDER BY `orders`  asc,`id`  desc LIMIT 4 [ RunTime:0.047434s ]
[ sql ] [ EXPLAIN : array (
  'id' => 1,
  'select_type' => 'SIMPLE',
  'table' => 'article',
  'type' => 'ref',
  'possible_keys' => 'cateid,ist',
  'key' => 'ist',
  'key_len' => '1',
  'ref' => 'const',
  'rows' => 883,
  'extra' => 'Using where; Using filesort',
) ]
[ sql ] [ SQL ] SELECT * FROM `cate` WHERE  `ist` = 1  AND `pid` = 42 ORDER BY `orders`  asc [ RunTime:0.000548s ]
[ sql ] [ EXPLAIN : array (
  'id' => 1,
  'select_type' => 'SIMPLE',
  'table' => 'cate',
  'type' => 'ref',
  'possible_keys' => 'pid',
  'key' => 'pid',
  'key_len' => '4',
  'ref' => 'const',
  'rows' => 5,
  'extra' => 'Using where; Using filesort',
) ]
[ sql ] [ SQL ] SELECT * FROM `article` WHERE  `ist` = 1  AND `cateid` = 68 ORDER BY `orders`  asc,`id`  desc LIMIT 20 [ RunTime:0.002528s ]
[ sql ] [ EXPLAIN : array (
  'id' => 1,
  'select_type' => 'SIMPLE',
  'table' => 'article',
  'type' => 'ref',
  'possible_keys' => 'cateid,ist',
  'key' => 'cateid',
  'key_len' => '4',
  'ref' => 'const',
  'rows' => 267,
  'extra' => 'Using where; Using filesort',
) ]
[ sql ] [ SQL ] SELECT * FROM `article` WHERE  `ist` = 1  AND `cateid` = 45 ORDER BY `orders`  asc,`id`  desc LIMIT 20 [ RunTime:0.007384s ]
[ sql ] [ EXPLAIN : array (
  'id' => 1,
  'select_type' => 'SIMPLE',
  'table' => 'article',
  'type' => 'ref',
  'possible_keys' => 'cateid,ist',
  'key' => 'cateid',
  'key_len' => '4',
  'ref' => 'const',
  'rows' => 22,
  'extra' => 'Using where; Using filesort',
) ]
[ sql ] [ SQL ] SELECT * FROM `article` WHERE  `ist` = 1  AND `cateid` = 47 ORDER BY `orders`  asc,`id`  desc LIMIT 20 [ RunTime:0.002269s ]
[ sql ] [ EXPLAIN : array (
  'id' => 1,
  'select_type' => 'SIMPLE',
  'table' => 'article',
  'type' => 'ref',
  'possible_keys' => 'cateid,ist',
  'key' => 'cateid',
  'key_len' => '4',
  'ref' => 'const',
  'rows' => 235,
  'extra' => 'Using where; Using filesort',
) ]
[ sql ] [ SQL ] SELECT * FROM `article` WHERE  `ist` = 1  AND `cateid` = 48 ORDER BY `orders`  asc,`id`  desc LIMIT 20 [ RunTime:0.002046s ]
[ sql ] [ EXPLAIN : array (
  'id' => 1,
  'select_type' => 'SIMPLE',
  'table' => 'article',
  'type' => 'ref',
  'possible_keys' => 'cateid,ist',
  'key' => 'cateid',
  'key_len' => '4',
  'ref' => 'const',
  'rows' => 152,
  'extra' => 'Using where; Using filesort',
) ]
[ sql ] [ SQL ] SELECT * FROM `article` WHERE  `ist` = 1  AND `cateid` = 95 ORDER BY `orders`  asc,`id`  desc LIMIT 20 [ RunTime:0.009502s ]
[ sql ] [ EXPLAIN : array (
  'id' => 1,
  'select_type' => 'SIMPLE',
  'table' => 'article',
  'type' => 'index_merge',
  'possible_keys' => 'cateid,ist',
  'key' => 'cateid,ist',
  'key_len' => '4,1',
  'ref' => NULL,
  'rows' => 58,
  'extra' => 'Using intersect(cateid,ist); Using where; Using filesort',
) ]
[ sql ] [ SQL ] SELECT * FROM `article` WHERE  `ist` = 1  AND `cateid` = 45 ORDER BY `orders`  asc,`id`  desc LIMIT 20 [ RunTime:0.002556s ]
[ sql ] [ EXPLAIN : array (
  'id' => 1,
  'select_type' => 'SIMPLE',
  'table' => 'article',
  'type' => 'ref',
  'possible_keys' => 'cateid,ist',
  'key' => 'cateid',
  'key_len' => '4',
  'ref' => 'const',
  'rows' => 22,
  'extra' => 'Using where; Using filesort',
) ]
[ sql ] [ SQL ] SELECT * FROM `article` WHERE  `ist` = 1  AND `cateid` = 46 ORDER BY `orders`  asc,`id`  desc LIMIT 20 [ RunTime:0.000514s ]
[ sql ] [ EXPLAIN : array (
  'id' => 1,
  'select_type' => 'SIMPLE',
  'table' => 'article',
  'type' => 'ref',
  'possible_keys' => 'cateid,ist',
  'key' => 'cateid',
  'key_len' => '4',
  'ref' => 'const',
  'rows' => 1,
  'extra' => 'Using where; Using filesort',
) ]
[ sql ] [ SQL ] SELECT * FROM `article` WHERE  `ist` = 1  AND `cateid` = 47 ORDER BY `orders`  asc,`id`  desc LIMIT 20 [ RunTime:0.002726s ]
[ sql ] [ EXPLAIN : array (
  'id' => 1,
  'select_type' => 'SIMPLE',
  'table' => 'article',
  'type' => 'ref',
  'possible_keys' => 'cateid,ist',
  'key' => 'cateid',
  'key_len' => '4',
  'ref' => 'const',
  'rows' => 235,
  'extra' => 'Using where; Using filesort',
) ]
[ sql ] [ SQL ] SELECT * FROM `article` WHERE  `ist` = 1  AND `cateid` = 83 ORDER BY `orders`  asc,`id`  desc LIMIT 20 [ RunTime:0.000521s ]
[ sql ] [ EXPLAIN : array (
  'id' => 1,
  'select_type' => 'SIMPLE',
  'table' => 'article',
  'type' => 'ref',
  'possible_keys' => 'cateid,ist',
  'key' => 'cateid',
  'key_len' => '4',
  'ref' => 'const',
  'rows' => 1,
  'extra' => 'Using where; Using filesort',
) ]
[ sql ] [ SQL ] SELECT * FROM `article` WHERE  `ist` = 1  AND `cateid` = 88 ORDER BY `orders`  asc,`id`  desc LIMIT 20 [ RunTime:0.000496s ]
[ sql ] [ EXPLAIN : array (
  'id' => 1,
  'select_type' => 'SIMPLE',
  'table' => 'article',
  'type' => 'ref',
  'possible_keys' => 'cateid,ist',
  'key' => 'cateid',
  'key_len' => '4',
  'ref' => 'const',
  'rows' => 1,
  'extra' => 'Using where; Using filesort',
) ]
[ sql ] [ SQL ] SELECT * FROM `cate` WHERE  `pid` = 41 ORDER BY `id`  desc LIMIT 4 [ RunTime:0.000458s ]
[ sql ] [ EXPLAIN : array (
  'id' => 1,
  'select_type' => 'SIMPLE',
  'table' => 'cate',
  'type' => 'ref',
  'possible_keys' => 'pid',
  'key' => 'pid',
  'key_len' => '4',
  'ref' => 'const',
  'rows' => 6,
  'extra' => 'Using where',
) ]
[ sql ] [ SQL ] SELECT * FROM `article` WHERE  `cateid` = 77  AND `ist` = 1 ORDER BY `orders`  asc,`id`  desc LIMIT 9 [ RunTime:0.000653s ]
[ sql ] [ EXPLAIN : array (
  'id' => 1,
  'select_type' => 'SIMPLE',
  'table' => 'article',
  'type' => 'ref',
  'possible_keys' => 'cateid,ist',
  'key' => 'cateid',
  'key_len' => '4',
  'ref' => 'const',
  'rows' => 9,
  'extra' => 'Using where; Using filesort',
) ]
[ sql ] [ SQL ] SELECT * FROM `article` WHERE  `cateid` = 76  AND `ist` = 1 ORDER BY `orders`  asc,`id`  desc LIMIT 9 [ RunTime:0.000617s ]
[ sql ] [ EXPLAIN : array (
  'id' => 1,
  'select_type' => 'SIMPLE',
  'table' => 'article',
  'type' => 'ref',
  'possible_keys' => 'cateid,ist',
  'key' => 'cateid',
  'key_len' => '4',
  'ref' => 'const',
  'rows' => 11,
  'extra' => 'Using where; Using filesort',
) ]
[ sql ] [ SQL ] SELECT * FROM `article` WHERE  `cateid` = 75  AND `ist` = 1 ORDER BY `orders`  asc,`id`  desc LIMIT 9 [ RunTime:0.000673s ]
[ sql ] [ EXPLAIN : array (
  'id' => 1,
  'select_type' => 'SIMPLE',
  'table' => 'article',
  'type' => 'ref',
  'possible_keys' => 'cateid,ist',
  'key' => 'cateid',
  'key_len' => '4',
  'ref' => 'const',
  'rows' => 9,
  'extra' => 'Using where; Using filesort',
) ]
[ sql ] [ SQL ] SELECT * FROM `article` WHERE  `cateid` = 74  AND `ist` = 1 ORDER BY `orders`  asc,`id`  desc LIMIT 9 [ RunTime:0.000664s ]
[ sql ] [ EXPLAIN : array (
  'id' => 1,
  'select_type' => 'SIMPLE',
  'table' => 'article',
  'type' => 'ref',
  'possible_keys' => 'cateid,ist',
  'key' => 'cateid',
  'key_len' => '4',
  'ref' => 'const',
  'rows' => 4,
  'extra' => 'Using where; Using filesort',
) ]
---------------------------------------------------------------
[ 2019-07-03T09:08:47+08:00 ] 127.0.0.1 GET /
[ sql ] [ DB ] CONNECT:[ UseTime:0.027133s ] mysql:host=127.0.0.1;port=3306;dbname=yuntianxiav2;charset=utf8
[ sql ] [ SQL ] SHOW COLUMNS FROM `config` [ RunTime:0.014513s ]
[ sql ] [ SQL ] SELECT * FROM `config` LIMIT 1 [ RunTime:0.000751s ]
[ sql ] [ EXPLAIN : array (
  'id' => 1,
  'select_type' => 'SIMPLE',
  'table' => 'config',
  'type' => 'ALL',
  'possible_keys' => NULL,
  'key' => NULL,
  'key_len' => NULL,
  'ref' => NULL,
  'rows' => 1,
  'extra' => '',
) ]
[ sql ] [ SQL ] SHOW COLUMNS FROM `cate` [ RunTime:0.013409s ]
[ sql ] [ SQL ] SELECT * FROM `cate` WHERE  `tid` = 1  AND `pid` = 0  AND `ist` = 1 [ RunTime:0.000639s ]
[ sql ] [ EXPLAIN : array (
  'id' => 1,
  'select_type' => 'SIMPLE',
  'table' => 'cate',
  'type' => 'ref',
  'possible_keys' => 'tid,pid',
  'key' => 'pid',
  'key_len' => '4',
  'ref' => 'const',
  'rows' => 16,
  'extra' => 'Using where',
) ]
[ sql ] [ SQL ] SHOW COLUMNS FROM `friendlink` [ RunTime:0.013833s ]
[ sql ] [ SQL ] SELECT * FROM `friendlink` WHERE  `ist` = 1 ORDER BY `orders`  asc [ RunTime:0.000619s ]
[ sql ] [ EXPLAIN : array (
  'id' => 1,
  'select_type' => 'SIMPLE',
  'table' => 'friendlink',
  'type' => 'ALL',
  'possible_keys' => NULL,
  'key' => NULL,
  'key_len' => NULL,
  'ref' => NULL,
  'rows' => 24,
  'extra' => 'Using where; Using filesort',
) ]
[ sql ] [ SQL ] SELECT * FROM `cate` WHERE  `pid` = 25  AND `ist` = 1 ORDER BY `orders`  asc [ RunTime:0.000462s ]
[ sql ] [ EXPLAIN : array (
  'id' => 1,
  'select_type' => 'SIMPLE',
  'table' => 'cate',
  'type' => 'ref',
  'possible_keys' => 'pid',
  'key' => 'pid',
  'key_len' => '4',
  'ref' => 'const',
  'rows' => 1,
  'extra' => 'Using where; Using filesort',
) ]
[ sql ] [ SQL ] SELECT * FROM `cate` WHERE  `pid` = 26  AND `ist` = 1 ORDER BY `orders`  asc [ RunTime:0.000543s ]
[ sql ] [ EXPLAIN : array (
  'id' => 1,
  'select_type' => 'SIMPLE',
  'table' => 'cate',
  'type' => 'ref',
  'possible_keys' => 'pid',
  'key' => 'pid',
  'key_len' => '4',
  'ref' => 'const',
  'rows' => 4,
  'extra' => 'Using where; Using filesort',
) ]
[ sql ] [ SQL ] SELECT * FROM `cate` WHERE  `pid` = 40  AND `ist` = 1 ORDER BY `orders`  asc [ RunTime:0.000492s ]
[ sql ] [ EXPLAIN : array (
  'id' => 1,
  'select_type' => 'SIMPLE',
  'table' => 'cate',
  'type' => 'ref',
  'possible_keys' => 'pid',
  'key' => 'pid',
  'key_len' => '4',
  'ref' => 'const',
  'rows' => 1,
  'extra' => 'Using where; Using filesort',
) ]
[ sql ] [ SQL ] SELECT * FROM `cate` WHERE  `pid` = 41  AND `ist` = 1 ORDER BY `orders`  asc [ RunTime:0.000508s ]
[ sql ] [ EXPLAIN : array (
  'id' => 1,
  'select_type' => 'SIMPLE',
  'table' => 'cate',
  'type' => 'ref',
  'possible_keys' => 'pid',
  'key' => 'pid',
  'key_len' => '4',
  'ref' => 'const',
  'rows' => 6,
  'extra' => 'Using where; Using filesort',
) ]
[ sql ] [ SQL ] SELECT * FROM `cate` WHERE  `pid` = 42  AND `ist` = 1 ORDER BY `orders`  asc [ RunTime:0.000549s ]
[ sql ] [ EXPLAIN : array (
  'id' => 1,
  'select_type' => 'SIMPLE',
  'table' => 'cate',
  'type' => 'ref',
  'possible_keys' => 'pid',
  'key' => 'pid',
  'key_len' => '4',
  'ref' => 'const',
  'rows' => 5,
  'extra' => 'Using where; Using filesort',
) ]
[ sql ] [ SQL ] SELECT * FROM `cate` WHERE  `pid` = 44  AND `ist` = 1 ORDER BY `orders`  asc [ RunTime:0.000537s ]
[ sql ] [ EXPLAIN : array (
  'id' => 1,
  'select_type' => 'SIMPLE',
  'table' => 'cate',
  'type' => 'ref',
  'possible_keys' => 'pid',
  'key' => 'pid',
  'key_len' => '4',
  'ref' => 'const',
  'rows' => 7,
  'extra' => 'Using where; Using filesort',
) ]
[ sql ] [ SQL ] SELECT * FROM `cate` WHERE  `pid` = 67  AND `ist` = 1 ORDER BY `orders`  asc [ RunTime:0.000475s ]
[ sql ] [ EXPLAIN : array (
  'id' => 1,
  'select_type' => 'SIMPLE',
  'table' => 'cate',
  'type' => 'ref',
  'possible_keys' => 'pid',
  'key' => 'pid',
  'key_len' => '4',
  'ref' => 'const',
  'rows' => 1,
  'extra' => 'Using where; Using filesort',
) ]
[ sql ] [ SQL ] SELECT * FROM `cate` WHERE  `pid` = 70  AND `ist` = 1 ORDER BY `orders`  asc [ RunTime:0.000437s ]
[ sql ] [ EXPLAIN : array (
  'id' => 1,
  'select_type' => 'SIMPLE',
  'table' => 'cate',
  'type' => 'ref',
  'possible_keys' => 'pid',
  'key' => 'pid',
  'key_len' => '4',
  'ref' => 'const',
  'rows' => 1,
  'extra' => 'Using where; Using filesort',
) ]
[ sql ] [ SQL ] SELECT * FROM `cate` WHERE  `pid` = 41 [ RunTime:0.000480s ]
[ sql ] [ EXPLAIN : array (
  'id' => 1,
  'select_type' => 'SIMPLE',
  'table' => 'cate',
  'type' => 'ref',
  'possible_keys' => 'pid',
  'key' => 'pid',
  'key_len' => '4',
  'ref' => 'const',
  'rows' => 6,
  'extra' => '',
) ]
[ sql ] [ SQL ] SELECT * FROM `cate` WHERE  `ist` = 1  AND `pid` = 42 ORDER BY `orders`  asc [ RunTime:0.000489s ]
[ sql ] [ EXPLAIN : array (
  'id' => 1,
  'select_type' => 'SIMPLE',
  'table' => 'cate',
  'type' => 'ref',
  'possible_keys' => 'pid',
  'key' => 'pid',
  'key_len' => '4',
  'ref' => 'const',
  'rows' => 5,
  'extra' => 'Using where; Using filesort',
) ]
[ sql ] [ SQL ] SELECT * FROM `cate` WHERE  `ist` = 1  AND `pid` = 44 [ RunTime:0.000444s ]
[ sql ] [ EXPLAIN : array (
  'id' => 1,
  'select_type' => 'SIMPLE',
  'table' => 'cate',
  'type' => 'ref',
  'possible_keys' => 'pid',
  'key' => 'pid',
  'key_len' => '4',
  'ref' => 'const',
  'rows' => 7,
  'extra' => 'Using where',
) ]
[ sql ] [ SQL ] SELECT * FROM `cate` WHERE  `pid` = 70 [ RunTime:0.000407s ]
[ sql ] [ EXPLAIN : array (
  'id' => 1,
  'select_type' => 'SIMPLE',
  'table' => 'cate',
  'type' => 'ref',
  'possible_keys' => 'pid',
  'key' => 'pid',
  'key_len' => '4',
  'ref' => 'const',
  'rows' => 1,
  'extra' => '',
) ]
[ sql ] [ SQL ] SELECT * FROM `cate` WHERE  `pid` = 67 [ RunTime:0.000407s ]
[ sql ] [ EXPLAIN : array (
  'id' => 1,
  'select_type' => 'SIMPLE',
  'table' => 'cate',
  'type' => 'ref',
  'possible_keys' => 'pid',
  'key' => 'pid',
  'key_len' => '4',
  'ref' => 'const',
  'rows' => 1,
  'extra' => '',
) ]
[ sql ] [ SQL ] SHOW COLUMNS FROM `article` [ RunTime:0.015283s ]
[ sql ] [ SQL ] SELECT * FROM `article` WHERE  `cateid` = 40 ORDER BY `orders`  asc LIMIT 16 [ RunTime:0.001887s ]
[ sql ] [ EXPLAIN : array (
  'id' => 1,
  'select_type' => 'SIMPLE',
  'table' => 'article',
  'type' => 'ref',
  'possible_keys' => 'cateid',
  'key' => 'cateid',
  'key_len' => '4',
  'ref' => 'const',
  'rows' => 18,
  'extra' => 'Using where; Using filesort',
) ]
[ sql ] [ SQL ] SELECT * FROM `cate` WHERE  `pid` = 92 [ RunTime:0.000502s ]
[ sql ] [ EXPLAIN : array (
  'id' => 1,
  'select_type' => 'SIMPLE',
  'table' => 'cate',
  'type' => 'ref',
  'possible_keys' => 'pid',
  'key' => 'pid',
  'key_len' => '4',
  'ref' => 'const',
  'rows' => 1,
  'extra' => '',
) ]
[ sql ] [ SQL ] SELECT * FROM `article` WHERE  `cateid` IN (93) ORDER BY `orders`  asc,`id`  desc [ RunTime:0.001471s ]
[ sql ] [ EXPLAIN : array (
  'id' => 1,
  'select_type' => 'SIMPLE',
  'table' => 'article',
  'type' => 'ref',
  'possible_keys' => 'cateid',
  'key' => 'cateid',
  'key_len' => '4',
  'ref' => 'const',
  'rows' => 58,
  'extra' => 'Using where; Using filesort',
) ]
[ sql ] [ SQL ] SELECT * FROM `article` WHERE  `cateid` = 94 ORDER BY `orders`  asc,`id`  desc [ RunTime:0.000997s ]
[ sql ] [ EXPLAIN : array (
  'id' => 1,
  'select_type' => 'SIMPLE',
  'table' => 'article',
  'type' => 'ref',
  'possible_keys' => 'cateid',
  'key' => 'cateid',
  'key_len' => '4',
  'ref' => 'const',
  'rows' => 8,
  'extra' => 'Using where; Using filesort',
) ]
[ sql ] [ SQL ] SHOW COLUMNS FROM `seo` [ RunTime:0.013356s ]
[ sql ] [ SQL ] SELECT * FROM `seo` WHERE  `cate` = '首页' LIMIT 1 [ RunTime:0.000614s ]
[ sql ] [ EXPLAIN : array (
  'id' => 1,
  'select_type' => 'SIMPLE',
  'table' => 'seo',
  'type' => 'ALL',
  'possible_keys' => NULL,
  'key' => NULL,
  'key_len' => NULL,
  'ref' => NULL,
  'rows' => 21,
  'extra' => 'Using where',
) ]
[ sql ] [ SQL ] SELECT * FROM `article` WHERE  `cateid` = 65 LIMIT 1 [ RunTime:0.000586s ]
[ sql ] [ EXPLAIN : array (
  'id' => 1,
  'select_type' => 'SIMPLE',
  'table' => 'article',
  'type' => 'ref',
  'possible_keys' => 'cateid',
  'key' => 'cateid',
  'key_len' => '4',
  'ref' => 'const',
  'rows' => 1,
  'extra' => '',
) ]
[ sql ] [ SQL ] SHOW COLUMNS FROM `banner` [ RunTime:0.012588s ]
[ sql ] [ SQL ] SELECT * FROM `banner` WHERE  `cateid` = 39  AND `ist` = 1 ORDER BY `orders`  asc [ RunTime:0.000545s ]
[ sql ] [ EXPLAIN : array (
  'id' => 1,
  'select_type' => 'SIMPLE',
  'table' => 'banner',
  'type' => 'ALL',
  'possible_keys' => NULL,
  'key' => NULL,
  'key_len' => NULL,
  'ref' => NULL,
  'rows' => 47,
  'extra' => 'Using where; Using filesort',
) ]
[ sql ] [ SQL ] SELECT * FROM `article` WHERE  `cateid` = 57 LIMIT 1 [ RunTime:0.000546s ]
[ sql ] [ EXPLAIN : array (
  'id' => 1,
  'select_type' => 'SIMPLE',
  'table' => 'article',
  'type' => 'ref',
  'possible_keys' => 'cateid',
  'key' => 'cateid',
  'key_len' => '4',
  'ref' => 'const',
  'rows' => 1,
  'extra' => '',
) ]
[ sql ] [ SQL ] SELECT * FROM `article` WHERE  `cateid` IN (41,72,73,74,75,76,77)  AND `ist` = 1 ORDER BY `orders`  asc,`id`  desc LIMIT 9 [ RunTime:0.001091s ]
[ sql ] [ EXPLAIN : array (
  'id' => 1,
  'select_type' => 'SIMPLE',
  'table' => 'article',
  'type' => 'range',
  'possible_keys' => 'cateid,ist',
  'key' => 'cateid',
  'key_len' => '4',
  'ref' => NULL,
  'rows' => 38,
  'extra' => 'Using where; Using filesort',
) ]
[ sql ] [ SQL ] SELECT * FROM `article` WHERE  `cateid` = 58 [ RunTime:0.000454s ]
[ sql ] [ EXPLAIN : array (
  'id' => 1,
  'select_type' => 'SIMPLE',
  'table' => 'article',
  'type' => 'ref',
  'possible_keys' => 'cateid',
  'key' => 'cateid',
  'key_len' => '4',
  'ref' => 'const',
  'rows' => 4,
  'extra' => '',
) ]
[ sql ] [ SQL ] SELECT * FROM `banner` WHERE  `cateid` = 64  AND `ist` = 1 ORDER BY `orders`  asc LIMIT 36 [ RunTime:0.000553s ]
[ sql ] [ EXPLAIN : array (
  'id' => 1,
  'select_type' => 'SIMPLE',
  'table' => 'banner',
  'type' => 'ALL',
  'possible_keys' => NULL,
  'key' => NULL,
  'key_len' => NULL,
  'ref' => NULL,
  'rows' => 47,
  'extra' => 'Using where; Using filesort',
) ]
[ sql ] [ SQL ] SELECT * FROM `article` WHERE  `ist` = 1  AND `cateid` IN (45,46,47,48) ORDER BY `orders`  asc,`id`  desc LIMIT 4 [ RunTime:0.002799s ]
[ sql ] [ EXPLAIN : array (
  'id' => 1,
  'select_type' => 'SIMPLE',
  'table' => 'article',
  'type' => 'ref',
  'possible_keys' => 'cateid,ist',
  'key' => 'ist',
  'key_len' => '1',
  'ref' => 'const',
  'rows' => 883,
  'extra' => 'Using where; Using filesort',
) ]
[ sql ] [ SQL ] SELECT * FROM `cate` WHERE  `ist` = 1  AND `pid` = 42 ORDER BY `orders`  asc [ RunTime:0.000406s ]
[ sql ] [ EXPLAIN : array (
  'id' => 1,
  'select_type' => 'SIMPLE',
  'table' => 'cate',
  'type' => 'ref',
  'possible_keys' => 'pid',
  'key' => 'pid',
  'key_len' => '4',
  'ref' => 'const',
  'rows' => 5,
  'extra' => 'Using where; Using filesort',
) ]
[ sql ] [ SQL ] SELECT * FROM `article` WHERE  `ist` = 1  AND `cateid` = 68 ORDER BY `orders`  asc,`id`  desc LIMIT 20 [ RunTime:0.002176s ]
[ sql ] [ EXPLAIN : array (
  'id' => 1,
  'select_type' => 'SIMPLE',
  'table' => 'article',
  'type' => 'ref',
  'possible_keys' => 'cateid,ist',
  'key' => 'cateid',
  'key_len' => '4',
  'ref' => 'const',
  'rows' => 267,
  'extra' => 'Using where; Using filesort',
) ]
[ sql ] [ SQL ] SELECT * FROM `article` WHERE  `ist` = 1  AND `cateid` = 45 ORDER BY `orders`  asc,`id`  desc LIMIT 20 [ RunTime:0.003025s ]
[ sql ] [ EXPLAIN : array (
  'id' => 1,
  'select_type' => 'SIMPLE',
  'table' => 'article',
  'type' => 'ref',
  'possible_keys' => 'cateid,ist',
  'key' => 'cateid',
  'key_len' => '4',
  'ref' => 'const',
  'rows' => 22,
  'extra' => 'Using where; Using filesort',
) ]
[ sql ] [ SQL ] SELECT * FROM `article` WHERE  `ist` = 1  AND `cateid` = 47 ORDER BY `orders`  asc,`id`  desc LIMIT 20 [ RunTime:0.002408s ]
[ sql ] [ EXPLAIN : array (
  'id' => 1,
  'select_type' => 'SIMPLE',
  'table' => 'article',
  'type' => 'ref',
  'possible_keys' => 'cateid,ist',
  'key' => 'cateid',
  'key_len' => '4',
  'ref' => 'const',
  'rows' => 235,
  'extra' => 'Using where; Using filesort',
) ]
[ sql ] [ SQL ] SELECT * FROM `article` WHERE  `ist` = 1  AND `cateid` = 48 ORDER BY `orders`  asc,`id`  desc LIMIT 20 [ RunTime:0.001933s ]
[ sql ] [ EXPLAIN : array (
  'id' => 1,
  'select_type' => 'SIMPLE',
  'table' => 'article',
  'type' => 'ref',
  'possible_keys' => 'cateid,ist',
  'key' => 'cateid',
  'key_len' => '4',
  'ref' => 'const',
  'rows' => 152,
  'extra' => 'Using where; Using filesort',
) ]
[ sql ] [ SQL ] SELECT * FROM `article` WHERE  `ist` = 1  AND `cateid` = 95 ORDER BY `orders`  asc,`id`  desc LIMIT 20 [ RunTime:0.003555s ]
[ sql ] [ EXPLAIN : array (
  'id' => 1,
  'select_type' => 'SIMPLE',
  'table' => 'article',
  'type' => 'index_merge',
  'possible_keys' => 'cateid,ist',
  'key' => 'cateid,ist',
  'key_len' => '4,1',
  'ref' => NULL,
  'rows' => 58,
  'extra' => 'Using intersect(cateid,ist); Using where; Using filesort',
) ]
[ sql ] [ SQL ] SELECT * FROM `article` WHERE  `ist` = 1  AND `cateid` = 45 ORDER BY `orders`  asc,`id`  desc LIMIT 20 [ RunTime:0.002848s ]
[ sql ] [ EXPLAIN : array (
  'id' => 1,
  'select_type' => 'SIMPLE',
  'table' => 'article',
  'type' => 'ref',
  'possible_keys' => 'cateid,ist',
  'key' => 'cateid',
  'key_len' => '4',
  'ref' => 'const',
  'rows' => 22,
  'extra' => 'Using where; Using filesort',
) ]
[ sql ] [ SQL ] SELECT * FROM `article` WHERE  `ist` = 1  AND `cateid` = 46 ORDER BY `orders`  asc,`id`  desc LIMIT 20 [ RunTime:0.000567s ]
[ sql ] [ EXPLAIN : array (
  'id' => 1,
  'select_type' => 'SIMPLE',
  'table' => 'article',
  'type' => 'ref',
  'possible_keys' => 'cateid,ist',
  'key' => 'cateid',
  'key_len' => '4',
  'ref' => 'const',
  'rows' => 1,
  'extra' => 'Using where; Using filesort',
) ]
[ sql ] [ SQL ] SELECT * FROM `article` WHERE  `ist` = 1  AND `cateid` = 47 ORDER BY `orders`  asc,`id`  desc LIMIT 20 [ RunTime:0.002533s ]
[ sql ] [ EXPLAIN : array (
  'id' => 1,
  'select_type' => 'SIMPLE',
  'table' => 'article',
  'type' => 'ref',
  'possible_keys' => 'cateid,ist',
  'key' => 'cateid',
  'key_len' => '4',
  'ref' => 'const',
  'rows' => 235,
  'extra' => 'Using where; Using filesort',
) ]
[ sql ] [ SQL ] SELECT * FROM `article` WHERE  `ist` = 1  AND `cateid` = 83 ORDER BY `orders`  asc,`id`  desc LIMIT 20 [ RunTime:0.000625s ]
[ sql ] [ EXPLAIN : array (
  'id' => 1,
  'select_type' => 'SIMPLE',
  'table' => 'article',
  'type' => 'ref',
  'possible_keys' => 'cateid,ist',
  'key' => 'cateid',
  'key_len' => '4',
  'ref' => 'const',
  'rows' => 1,
  'extra' => 'Using where; Using filesort',
) ]
[ sql ] [ SQL ] SELECT * FROM `article` WHERE  `ist` = 1  AND `cateid` = 88 ORDER BY `orders`  asc,`id`  desc LIMIT 20 [ RunTime:0.000456s ]
[ sql ] [ EXPLAIN : array (
  'id' => 1,
  'select_type' => 'SIMPLE',
  'table' => 'article',
  'type' => 'ref',
  'possible_keys' => 'cateid,ist',
  'key' => 'cateid',
  'key_len' => '4',
  'ref' => 'const',
  'rows' => 1,
  'extra' => 'Using where; Using filesort',
) ]
[ sql ] [ SQL ] SELECT * FROM `cate` WHERE  `pid` = 41 ORDER BY `id`  desc LIMIT 4 [ RunTime:0.000399s ]
[ sql ] [ EXPLAIN : array (
  'id' => 1,
  'select_type' => 'SIMPLE',
  'table' => 'cate',
  'type' => 'ref',
  'possible_keys' => 'pid',
  'key' => 'pid',
  'key_len' => '4',
  'ref' => 'const',
  'rows' => 6,
  'extra' => 'Using where',
) ]
[ sql ] [ SQL ] SELECT * FROM `article` WHERE  `cateid` = 77  AND `ist` = 1 ORDER BY `orders`  asc,`id`  desc LIMIT 9 [ RunTime:0.000662s ]
[ sql ] [ EXPLAIN : array (
  'id' => 1,
  'select_type' => 'SIMPLE',
  'table' => 'article',
  'type' => 'ref',
  'possible_keys' => 'cateid,ist',
  'key' => 'cateid',
  'key_len' => '4',
  'ref' => 'const',
  'rows' => 9,
  'extra' => 'Using where; Using filesort',
) ]
[ sql ] [ SQL ] SELECT * FROM `article` WHERE  `cateid` = 76  AND `ist` = 1 ORDER BY `orders`  asc,`id`  desc LIMIT 9 [ RunTime:0.000607s ]
[ sql ] [ EXPLAIN : array (
  'id' => 1,
  'select_type' => 'SIMPLE',
  'table' => 'article',
  'type' => 'ref',
  'possible_keys' => 'cateid,ist',
  'key' => 'cateid',
  'key_len' => '4',
  'ref' => 'const',
  'rows' => 11,
  'extra' => 'Using where; Using filesort',
) ]
[ sql ] [ SQL ] SELECT * FROM `article` WHERE  `cateid` = 75  AND `ist` = 1 ORDER BY `orders`  asc,`id`  desc LIMIT 9 [ RunTime:0.000708s ]
[ sql ] [ EXPLAIN : array (
  'id' => 1,
  'select_type' => 'SIMPLE',
  'table' => 'article',
  'type' => 'ref',
  'possible_keys' => 'cateid,ist',
  'key' => 'cateid',
  'key_len' => '4',
  'ref' => 'const',
  'rows' => 9,
  'extra' => 'Using where; Using filesort',
) ]
[ sql ] [ SQL ] SELECT * FROM `article` WHERE  `cateid` = 74  AND `ist` = 1 ORDER BY `orders`  asc,`id`  desc LIMIT 9 [ RunTime:0.000541s ]
[ sql ] [ EXPLAIN : array (
  'id' => 1,
  'select_type' => 'SIMPLE',
  'table' => 'article',
  'type' => 'ref',
  'possible_keys' => 'cateid,ist',
  'key' => 'cateid',
  'key_len' => '4',
  'ref' => 'const',
  'rows' => 4,
  'extra' => 'Using where; Using filesort',
) ]
---------------------------------------------------------------
[ 2019-07-03T11:01:13+08:00 ] 127.0.0.1 GET /
[ sql ] [ DB ] CONNECT:[ UseTime:0.025748s ] mysql:host=127.0.0.1;port=3306;dbname=yuntianxiav2;charset=utf8
[ sql ] [ SQL ] SHOW COLUMNS FROM `config` [ RunTime:0.015589s ]
[ sql ] [ SQL ] SELECT * FROM `config` LIMIT 1 [ RunTime:0.000772s ]
[ sql ] [ EXPLAIN : array (
  'id' => 1,
  'select_type' => 'SIMPLE',
  'table' => 'config',
  'type' => 'ALL',
  'possible_keys' => NULL,
  'key' => NULL,
  'key_len' => NULL,
  'ref' => NULL,
  'rows' => 1,
  'extra' => '',
) ]
[ sql ] [ SQL ] SHOW COLUMNS FROM `cate` [ RunTime:0.013863s ]
[ sql ] [ SQL ] SELECT * FROM `cate` WHERE  `tid` = 1  AND `pid` = 0  AND `ist` = 1 [ RunTime:0.000703s ]
[ sql ] [ EXPLAIN : array (
  'id' => 1,
  'select_type' => 'SIMPLE',
  'table' => 'cate',
  'type' => 'ref',
  'possible_keys' => 'tid,pid',
  'key' => 'pid',
  'key_len' => '4',
  'ref' => 'const',
  'rows' => 16,
  'extra' => 'Using where',
) ]
[ sql ] [ SQL ] SHOW COLUMNS FROM `friendlink` [ RunTime:0.013796s ]
[ sql ] [ SQL ] SELECT * FROM `friendlink` WHERE  `ist` = 1 ORDER BY `orders`  asc [ RunTime:0.000573s ]
[ sql ] [ EXPLAIN : array (
  'id' => 1,
  'select_type' => 'SIMPLE',
  'table' => 'friendlink',
  'type' => 'ALL',
  'possible_keys' => NULL,
  'key' => NULL,
  'key_len' => NULL,
  'ref' => NULL,
  'rows' => 24,
  'extra' => 'Using where; Using filesort',
) ]
[ sql ] [ SQL ] SELECT * FROM `cate` WHERE  `pid` = 25  AND `ist` = 1 ORDER BY `orders`  asc [ RunTime:0.000394s ]
[ sql ] [ EXPLAIN : array (
  'id' => 1,
  'select_type' => 'SIMPLE',
  'table' => 'cate',
  'type' => 'ref',
  'possible_keys' => 'pid',
  'key' => 'pid',
  'key_len' => '4',
  'ref' => 'const',
  'rows' => 1,
  'extra' => 'Using where; Using filesort',
) ]
[ sql ] [ SQL ] SELECT * FROM `cate` WHERE  `pid` = 26  AND `ist` = 1 ORDER BY `orders`  asc [ RunTime:0.000405s ]
[ sql ] [ EXPLAIN : array (
  'id' => 1,
  'select_type' => 'SIMPLE',
  'table' => 'cate',
  'type' => 'ref',
  'possible_keys' => 'pid',
  'key' => 'pid',
  'key_len' => '4',
  'ref' => 'const',
  'rows' => 4,
  'extra' => 'Using where; Using filesort',
) ]
[ sql ] [ SQL ] SELECT * FROM `cate` WHERE  `pid` = 40  AND `ist` = 1 ORDER BY `orders`  asc [ RunTime:0.000435s ]
[ sql ] [ EXPLAIN : array (
  'id' => 1,
  'select_type' => 'SIMPLE',
  'table' => 'cate',
  'type' => 'ref',
  'possible_keys' => 'pid',
  'key' => 'pid',
  'key_len' => '4',
  'ref' => 'const',
  'rows' => 1,
  'extra' => 'Using where; Using filesort',
) ]
[ sql ] [ SQL ] SELECT * FROM `cate` WHERE  `pid` = 41  AND `ist` = 1 ORDER BY `orders`  asc [ RunTime:0.000393s ]
[ sql ] [ EXPLAIN : array (
  'id' => 1,
  'select_type' => 'SIMPLE',
  'table' => 'cate',
  'type' => 'ref',
  'possible_keys' => 'pid',
  'key' => 'pid',
  'key_len' => '4',
  'ref' => 'const',
  'rows' => 6,
  'extra' => 'Using where; Using filesort',
) ]
[ sql ] [ SQL ] SELECT * FROM `cate` WHERE  `pid` = 42  AND `ist` = 1 ORDER BY `orders`  asc [ RunTime:0.000393s ]
[ sql ] [ EXPLAIN : array (
  'id' => 1,
  'select_type' => 'SIMPLE',
  'table' => 'cate',
  'type' => 'ref',
  'possible_keys' => 'pid',
  'key' => 'pid',
  'key_len' => '4',
  'ref' => 'const',
  'rows' => 5,
  'extra' => 'Using where; Using filesort',
) ]
[ sql ] [ SQL ] SELECT * FROM `cate` WHERE  `pid` = 44  AND `ist` = 1 ORDER BY `orders`  asc [ RunTime:0.000393s ]
[ sql ] [ EXPLAIN : array (
  'id' => 1,
  'select_type' => 'SIMPLE',
  'table' => 'cate',
  'type' => 'ref',
  'possible_keys' => 'pid',
  'key' => 'pid',
  'key_len' => '4',
  'ref' => 'const',
  'rows' => 7,
  'extra' => 'Using where; Using filesort',
) ]
[ sql ] [ SQL ] SELECT * FROM `cate` WHERE  `pid` = 67  AND `ist` = 1 ORDER BY `orders`  asc [ RunTime:0.000371s ]
[ sql ] [ EXPLAIN : array (
  'id' => 1,
  'select_type' => 'SIMPLE',
  'table' => 'cate',
  'type' => 'ref',
  'possible_keys' => 'pid',
  'key' => 'pid',
  'key_len' => '4',
  'ref' => 'const',
  'rows' => 1,
  'extra' => 'Using where; Using filesort',
) ]
[ sql ] [ SQL ] SELECT * FROM `cate` WHERE  `pid` = 70  AND `ist` = 1 ORDER BY `orders`  asc [ RunTime:0.000364s ]
[ sql ] [ EXPLAIN : array (
  'id' => 1,
  'select_type' => 'SIMPLE',
  'table' => 'cate',
  'type' => 'ref',
  'possible_keys' => 'pid',
  'key' => 'pid',
  'key_len' => '4',
  'ref' => 'const',
  'rows' => 1,
  'extra' => 'Using where; Using filesort',
) ]
[ sql ] [ SQL ] SELECT * FROM `cate` WHERE  `pid` = 41 [ RunTime:0.000362s ]
[ sql ] [ EXPLAIN : array (
  'id' => 1,
  'select_type' => 'SIMPLE',
  'table' => 'cate',
  'type' => 'ref',
  'possible_keys' => 'pid',
  'key' => 'pid',
  'key_len' => '4',
  'ref' => 'const',
  'rows' => 6,
  'extra' => '',
) ]
[ sql ] [ SQL ] SELECT * FROM `cate` WHERE  `ist` = 1  AND `pid` = 42 ORDER BY `orders`  asc [ RunTime:0.000396s ]
[ sql ] [ EXPLAIN : array (
  'id' => 1,
  'select_type' => 'SIMPLE',
  'table' => 'cate',
  'type' => 'ref',
  'possible_keys' => 'pid',
  'key' => 'pid',
  'key_len' => '4',
  'ref' => 'const',
  'rows' => 5,
  'extra' => 'Using where; Using filesort',
) ]
[ sql ] [ SQL ] SELECT * FROM `cate` WHERE  `ist` = 1  AND `pid` = 44 [ RunTime:0.000385s ]
[ sql ] [ EXPLAIN : array (
  'id' => 1,
  'select_type' => 'SIMPLE',
  'table' => 'cate',
  'type' => 'ref',
  'possible_keys' => 'pid',
  'key' => 'pid',
  'key_len' => '4',
  'ref' => 'const',
  'rows' => 7,
  'extra' => 'Using where',
) ]
[ sql ] [ SQL ] SELECT * FROM `cate` WHERE  `pid` = 70 [ RunTime:0.000348s ]
[ sql ] [ EXPLAIN : array (
  'id' => 1,
  'select_type' => 'SIMPLE',
  'table' => 'cate',
  'type' => 'ref',
  'possible_keys' => 'pid',
  'key' => 'pid',
  'key_len' => '4',
  'ref' => 'const',
  'rows' => 1,
  'extra' => '',
) ]
[ sql ] [ SQL ] SELECT * FROM `cate` WHERE  `pid` = 67 [ RunTime:0.000347s ]
[ sql ] [ EXPLAIN : array (
  'id' => 1,
  'select_type' => 'SIMPLE',
  'table' => 'cate',
  'type' => 'ref',
  'possible_keys' => 'pid',
  'key' => 'pid',
  'key_len' => '4',
  'ref' => 'const',
  'rows' => 1,
  'extra' => '',
) ]
[ sql ] [ SQL ] SHOW COLUMNS FROM `article` [ RunTime:0.013762s ]
[ sql ] [ SQL ] SELECT * FROM `article` WHERE  `cateid` = 40 ORDER BY `orders`  asc LIMIT 16 [ RunTime:0.001818s ]
[ sql ] [ EXPLAIN : array (
  'id' => 1,
  'select_type' => 'SIMPLE',
  'table' => 'article',
  'type' => 'ref',
  'possible_keys' => 'cateid',
  'key' => 'cateid',
  'key_len' => '4',
  'ref' => 'const',
  'rows' => 18,
  'extra' => 'Using where; Using filesort',
) ]
[ sql ] [ SQL ] SELECT * FROM `cate` WHERE  `pid` = 92 [ RunTime:0.000371s ]
[ sql ] [ EXPLAIN : array (
  'id' => 1,
  'select_type' => 'SIMPLE',
  'table' => 'cate',
  'type' => 'ref',
  'possible_keys' => 'pid',
  'key' => 'pid',
  'key_len' => '4',
  'ref' => 'const',
  'rows' => 1,
  'extra' => '',
) ]
[ sql ] [ SQL ] SELECT * FROM `article` WHERE  `cateid` IN (93) ORDER BY `orders`  asc,`id`  desc [ RunTime:0.001307s ]
[ sql ] [ EXPLAIN : array (
  'id' => 1,
  'select_type' => 'SIMPLE',
  'table' => 'article',
  'type' => 'ref',
  'possible_keys' => 'cateid',
  'key' => 'cateid',
  'key_len' => '4',
  'ref' => 'const',
  'rows' => 58,
  'extra' => 'Using where; Using filesort',
) ]
[ sql ] [ SQL ] SELECT * FROM `article` WHERE  `cateid` = 94 ORDER BY `orders`  asc,`id`  desc [ RunTime:0.000833s ]
[ sql ] [ EXPLAIN : array (
  'id' => 1,
  'select_type' => 'SIMPLE',
  'table' => 'article',
  'type' => 'ref',
  'possible_keys' => 'cateid',
  'key' => 'cateid',
  'key_len' => '4',
  'ref' => 'const',
  'rows' => 8,
  'extra' => 'Using where; Using filesort',
) ]
[ sql ] [ SQL ] SHOW COLUMNS FROM `seo` [ RunTime:0.013730s ]
[ sql ] [ SQL ] SELECT * FROM `seo` WHERE  `cate` = '首页' LIMIT 1 [ RunTime:0.000488s ]
[ sql ] [ EXPLAIN : array (
  'id' => 1,
  'select_type' => 'SIMPLE',
  'table' => 'seo',
  'type' => 'ALL',
  'possible_keys' => NULL,
  'key' => NULL,
  'key_len' => NULL,
  'ref' => NULL,
  'rows' => 21,
  'extra' => 'Using where',
) ]
[ sql ] [ SQL ] SELECT * FROM `article` WHERE  `cateid` = 65 LIMIT 1 [ RunTime:0.000451s ]
[ sql ] [ EXPLAIN : array (
  'id' => 1,
  'select_type' => 'SIMPLE',
  'table' => 'article',
  'type' => 'ref',
  'possible_keys' => 'cateid',
  'key' => 'cateid',
  'key_len' => '4',
  'ref' => 'const',
  'rows' => 1,
  'extra' => '',
) ]
[ sql ] [ SQL ] SHOW COLUMNS FROM `banner` [ RunTime:0.013984s ]
[ sql ] [ SQL ] SELECT * FROM `banner` WHERE  `cateid` = 39  AND `ist` = 1 ORDER BY `orders`  asc [ RunTime:0.000526s ]
[ sql ] [ EXPLAIN : array (
  'id' => 1,
  'select_type' => 'SIMPLE',
  'table' => 'banner',
  'type' => 'ALL',
  'possible_keys' => NULL,
  'key' => NULL,
  'key_len' => NULL,
  'ref' => NULL,
  'rows' => 47,
  'extra' => 'Using where; Using filesort',
) ]
[ sql ] [ SQL ] SELECT * FROM `article` WHERE  `cateid` = 57 LIMIT 1 [ RunTime:0.000456s ]
[ sql ] [ EXPLAIN : array (
  'id' => 1,
  'select_type' => 'SIMPLE',
  'table' => 'article',
  'type' => 'ref',
  'possible_keys' => 'cateid',
  'key' => 'cateid',
  'key_len' => '4',
  'ref' => 'const',
  'rows' => 1,
  'extra' => '',
) ]
[ sql ] [ SQL ] SELECT * FROM `article` WHERE  `cateid` IN (41,72,73,74,75,76,77)  AND `ist` = 1 ORDER BY `orders`  asc,`id`  desc LIMIT 9 [ RunTime:0.000856s ]
[ sql ] [ EXPLAIN : array (
  'id' => 1,
  'select_type' => 'SIMPLE',
  'table' => 'article',
  'type' => 'range',
  'possible_keys' => 'cateid,ist',
  'key' => 'cateid',
  'key_len' => '4',
  'ref' => NULL,
  'rows' => 38,
  'extra' => 'Using where; Using filesort',
) ]
[ sql ] [ SQL ] SELECT * FROM `article` WHERE  `cateid` = 58 [ RunTime:0.000480s ]
[ sql ] [ EXPLAIN : array (
  'id' => 1,
  'select_type' => 'SIMPLE',
  'table' => 'article',
  'type' => 'ref',
  'possible_keys' => 'cateid',
  'key' => 'cateid',
  'key_len' => '4',
  'ref' => 'const',
  'rows' => 4,
  'extra' => '',
) ]
[ sql ] [ SQL ] SELECT * FROM `banner` WHERE  `cateid` = 64  AND `ist` = 1 ORDER BY `orders`  asc LIMIT 36 [ RunTime:0.000627s ]
[ sql ] [ EXPLAIN : array (
  'id' => 1,
  'select_type' => 'SIMPLE',
  'table' => 'banner',
  'type' => 'ALL',
  'possible_keys' => NULL,
  'key' => NULL,
  'key_len' => NULL,
  'ref' => NULL,
  'rows' => 47,
  'extra' => 'Using where; Using filesort',
) ]
[ sql ] [ SQL ] SELECT * FROM `article` WHERE  `ist` = 1  AND `cateid` IN (45,46,47,48) ORDER BY `orders`  asc,`id`  desc LIMIT 4 [ RunTime:0.003086s ]
[ sql ] [ EXPLAIN : array (
  'id' => 1,
  'select_type' => 'SIMPLE',
  'table' => 'article',
  'type' => 'ref',
  'possible_keys' => 'cateid,ist',
  'key' => 'ist',
  'key_len' => '1',
  'ref' => 'const',
  'rows' => 883,
  'extra' => 'Using where; Using filesort',
) ]
[ sql ] [ SQL ] SELECT * FROM `cate` WHERE  `ist` = 1  AND `pid` = 42 ORDER BY `orders`  asc [ RunTime:0.000440s ]
[ sql ] [ EXPLAIN : array (
  'id' => 1,
  'select_type' => 'SIMPLE',
  'table' => 'cate',
  'type' => 'ref',
  'possible_keys' => 'pid',
  'key' => 'pid',
  'key_len' => '4',
  'ref' => 'const',
  'rows' => 5,
  'extra' => 'Using where; Using filesort',
) ]
[ sql ] [ SQL ] SELECT * FROM `article` WHERE  `ist` = 1  AND `cateid` = 68 ORDER BY `orders`  asc,`id`  desc LIMIT 20 [ RunTime:0.002346s ]
[ sql ] [ EXPLAIN : array (
  'id' => 1,
  'select_type' => 'SIMPLE',
  'table' => 'article',
  'type' => 'ref',
  'possible_keys' => 'cateid,ist',
  'key' => 'cateid',
  'key_len' => '4',
  'ref' => 'const',
  'rows' => 267,
  'extra' => 'Using where; Using filesort',
) ]
[ sql ] [ SQL ] SELECT * FROM `article` WHERE  `ist` = 1  AND `cateid` = 45 ORDER BY `orders`  asc,`id`  desc LIMIT 20 [ RunTime:0.002739s ]
[ sql ] [ EXPLAIN : array (
  'id' => 1,
  'select_type' => 'SIMPLE',
  'table' => 'article',
  'type' => 'ref',
  'possible_keys' => 'cateid,ist',
  'key' => 'cateid',
  'key_len' => '4',
  'ref' => 'const',
  'rows' => 22,
  'extra' => 'Using where; Using filesort',
) ]
[ sql ] [ SQL ] SELECT * FROM `article` WHERE  `ist` = 1  AND `cateid` = 47 ORDER BY `orders`  asc,`id`  desc LIMIT 20 [ RunTime:0.002171s ]
[ sql ] [ EXPLAIN : array (
  'id' => 1,
  'select_type' => 'SIMPLE',
  'table' => 'article',
  'type' => 'ref',
  'possible_keys' => 'cateid,ist',
  'key' => 'cateid',
  'key_len' => '4',
  'ref' => 'const',
  'rows' => 235,
  'extra' => 'Using where; Using filesort',
) ]
[ sql ] [ SQL ] SELECT * FROM `article` WHERE  `ist` = 1  AND `cateid` = 48 ORDER BY `orders`  asc,`id`  desc LIMIT 20 [ RunTime:0.001863s ]
[ sql ] [ EXPLAIN : array (
  'id' => 1,
  'select_type' => 'SIMPLE',
  'table' => 'article',
  'type' => 'ref',
  'possible_keys' => 'cateid,ist',
  'key' => 'cateid',
  'key_len' => '4',
  'ref' => 'const',
  'rows' => 152,
  'extra' => 'Using where; Using filesort',
) ]
[ sql ] [ SQL ] SELECT * FROM `article` WHERE  `ist` = 1  AND `cateid` = 95 ORDER BY `orders`  asc,`id`  desc LIMIT 20 [ RunTime:0.003570s ]
[ sql ] [ EXPLAIN : array (
  'id' => 1,
  'select_type' => 'SIMPLE',
  'table' => 'article',
  'type' => 'index_merge',
  'possible_keys' => 'cateid,ist',
  'key' => 'cateid,ist',
  'key_len' => '4,1',
  'ref' => NULL,
  'rows' => 58,
  'extra' => 'Using intersect(cateid,ist); Using where; Using filesort',
) ]
[ sql ] [ SQL ] SELECT * FROM `article` WHERE  `ist` = 1  AND `cateid` = 45 ORDER BY `orders`  asc,`id`  desc LIMIT 20 [ RunTime:0.002772s ]
[ sql ] [ EXPLAIN : array (
  'id' => 1,
  'select_type' => 'SIMPLE',
  'table' => 'article',
  'type' => 'ref',
  'possible_keys' => 'cateid,ist',
  'key' => 'cateid',
  'key_len' => '4',
  'ref' => 'const',
  'rows' => 22,
  'extra' => 'Using where; Using filesort',
) ]
[ sql ] [ SQL ] SELECT * FROM `article` WHERE  `ist` = 1  AND `cateid` = 46 ORDER BY `orders`  asc,`id`  desc LIMIT 20 [ RunTime:0.000479s ]
[ sql ] [ EXPLAIN : array (
  'id' => 1,
  'select_type' => 'SIMPLE',
  'table' => 'article',
  'type' => 'ref',
  'possible_keys' => 'cateid,ist',
  'key' => 'cateid',
  'key_len' => '4',
  'ref' => 'const',
  'rows' => 1,
  'extra' => 'Using where; Using filesort',
) ]
[ sql ] [ SQL ] SELECT * FROM `article` WHERE  `ist` = 1  AND `cateid` = 47 ORDER BY `orders`  asc,`id`  desc LIMIT 20 [ RunTime:0.002140s ]
[ sql ] [ EXPLAIN : array (
  'id' => 1,
  'select_type' => 'SIMPLE',
  'table' => 'article',
  'type' => 'ref',
  'possible_keys' => 'cateid,ist',
  'key' => 'cateid',
  'key_len' => '4',
  'ref' => 'const',
  'rows' => 235,
  'extra' => 'Using where; Using filesort',
) ]
[ sql ] [ SQL ] SELECT * FROM `article` WHERE  `ist` = 1  AND `cateid` = 83 ORDER BY `orders`  asc,`id`  desc LIMIT 20 [ RunTime:0.000483s ]
[ sql ] [ EXPLAIN : array (
  'id' => 1,
  'select_type' => 'SIMPLE',
  'table' => 'article',
  'type' => 'ref',
  'possible_keys' => 'cateid,ist',
  'key' => 'cateid',
  'key_len' => '4',
  'ref' => 'const',
  'rows' => 1,
  'extra' => 'Using where; Using filesort',
) ]
[ sql ] [ SQL ] SELECT * FROM `article` WHERE  `ist` = 1  AND `cateid` = 88 ORDER BY `orders`  asc,`id`  desc LIMIT 20 [ RunTime:0.000458s ]
[ sql ] [ EXPLAIN : array (
  'id' => 1,
  'select_type' => 'SIMPLE',
  'table' => 'article',
  'type' => 'ref',
  'possible_keys' => 'cateid,ist',
  'key' => 'cateid',
  'key_len' => '4',
  'ref' => 'const',
  'rows' => 1,
  'extra' => 'Using where; Using filesort',
) ]
[ sql ] [ SQL ] SELECT * FROM `cate` WHERE  `pid` = 41 ORDER BY `id`  desc LIMIT 4 [ RunTime:0.000417s ]
[ sql ] [ EXPLAIN : array (
  'id' => 1,
  'select_type' => 'SIMPLE',
  'table' => 'cate',
  'type' => 'ref',
  'possible_keys' => 'pid',
  'key' => 'pid',
  'key_len' => '4',
  'ref' => 'const',
  'rows' => 6,
  'extra' => 'Using where',
) ]
[ sql ] [ SQL ] SELECT * FROM `article` WHERE  `cateid` = 77  AND `ist` = 1 ORDER BY `orders`  asc,`id`  desc LIMIT 9 [ RunTime:0.000688s ]
[ sql ] [ EXPLAIN : array (
  'id' => 1,
  'select_type' => 'SIMPLE',
  'table' => 'article',
  'type' => 'ref',
  'possible_keys' => 'cateid,ist',
  'key' => 'cateid',
  'key_len' => '4',
  'ref' => 'const',
  'rows' => 9,
  'extra' => 'Using where; Using filesort',
) ]
[ sql ] [ SQL ] SELECT * FROM `article` WHERE  `cateid` = 76  AND `ist` = 1 ORDER BY `orders`  asc,`id`  desc LIMIT 9 [ RunTime:0.000664s ]
[ sql ] [ EXPLAIN : array (
  'id' => 1,
  'select_type' => 'SIMPLE',
  'table' => 'article',
  'type' => 'ref',
  'possible_keys' => 'cateid,ist',
  'key' => 'cateid',
  'key_len' => '4',
  'ref' => 'const',
  'rows' => 11,
  'extra' => 'Using where; Using filesort',
) ]
[ sql ] [ SQL ] SELECT * FROM `article` WHERE  `cateid` = 75  AND `ist` = 1 ORDER BY `orders`  asc,`id`  desc LIMIT 9 [ RunTime:0.000676s ]
[ sql ] [ EXPLAIN : array (
  'id' => 1,
  'select_type' => 'SIMPLE',
  'table' => 'article',
  'type' => 'ref',
  'possible_keys' => 'cateid,ist',
  'key' => 'cateid',
  'key_len' => '4',
  'ref' => 'const',
  'rows' => 9,
  'extra' => 'Using where; Using filesort',
) ]
[ sql ] [ SQL ] SELECT * FROM `article` WHERE  `cateid` = 74  AND `ist` = 1 ORDER BY `orders`  asc,`id`  desc LIMIT 9 [ RunTime:0.000695s ]
[ sql ] [ EXPLAIN : array (
  'id' => 1,
  'select_type' => 'SIMPLE',
  'table' => 'article',
  'type' => 'ref',
  'possible_keys' => 'cateid,ist',
  'key' => 'cateid',
  'key_len' => '4',
  'ref' => 'const',
  'rows' => 4,
  'extra' => 'Using where; Using filesort',
) ]
---------------------------------------------------------------
[ 2019-07-03T14:21:23+08:00 ] 127.0.0.1 GET /
[ sql ] [ DB ] CONNECT:[ UseTime:0.008120s ] mysql:host=127.0.0.1;port=3306;dbname=yuntianxiav2;charset=utf8
[ sql ] [ SQL ] SHOW COLUMNS FROM `config` [ RunTime:0.015186s ]
[ sql ] [ SQL ] SELECT * FROM `config` LIMIT 1 [ RunTime:0.000654s ]
[ sql ] [ EXPLAIN : array (
  'id' => 1,
  'select_type' => 'SIMPLE',
  'table' => 'config',
  'type' => 'ALL',
  'possible_keys' => NULL,
  'key' => NULL,
  'key_len' => NULL,
  'ref' => NULL,
  'rows' => 1,
  'extra' => '',
) ]
[ sql ] [ SQL ] SHOW COLUMNS FROM `cate` [ RunTime:0.013663s ]
[ sql ] [ SQL ] SELECT * FROM `cate` WHERE  `tid` = 1  AND `pid` = 0  AND `ist` = 1 [ RunTime:0.000698s ]
[ sql ] [ EXPLAIN : array (
  'id' => 1,
  'select_type' => 'SIMPLE',
  'table' => 'cate',
  'type' => 'ref',
  'possible_keys' => 'tid,pid',
  'key' => 'pid',
  'key_len' => '4',
  'ref' => 'const',
  'rows' => 16,
  'extra' => 'Using where',
) ]
[ sql ] [ SQL ] SHOW COLUMNS FROM `friendlink` [ RunTime:0.013983s ]
[ sql ] [ SQL ] SELECT * FROM `friendlink` WHERE  `ist` = 1 ORDER BY `orders`  asc [ RunTime:0.000629s ]
[ sql ] [ EXPLAIN : array (
  'id' => 1,
  'select_type' => 'SIMPLE',
  'table' => 'friendlink',
  'type' => 'ALL',
  'possible_keys' => NULL,
  'key' => NULL,
  'key_len' => NULL,
  'ref' => NULL,
  'rows' => 24,
  'extra' => 'Using where; Using filesort',
) ]
[ sql ] [ SQL ] SELECT * FROM `cate` WHERE  `pid` = 25  AND `ist` = 1 ORDER BY `orders`  asc [ RunTime:0.000417s ]
[ sql ] [ EXPLAIN : array (
  'id' => 1,
  'select_type' => 'SIMPLE',
  'table' => 'cate',
  'type' => 'ref',
  'possible_keys' => 'pid',
  'key' => 'pid',
  'key_len' => '4',
  'ref' => 'const',
  'rows' => 1,
  'extra' => 'Using where; Using filesort',
) ]
[ sql ] [ SQL ] SELECT * FROM `cate` WHERE  `pid` = 26  AND `ist` = 1 ORDER BY `orders`  asc [ RunTime:0.000465s ]
[ sql ] [ EXPLAIN : array (
  'id' => 1,
  'select_type' => 'SIMPLE',
  'table' => 'cate',
  'type' => 'ref',
  'possible_keys' => 'pid',
  'key' => 'pid',
  'key_len' => '4',
  'ref' => 'const',
  'rows' => 4,
  'extra' => 'Using where; Using filesort',
) ]
[ sql ] [ SQL ] SELECT * FROM `cate` WHERE  `pid` = 40  AND `ist` = 1 ORDER BY `orders`  asc [ RunTime:0.000523s ]
[ sql ] [ EXPLAIN : array (
  'id' => 1,
  'select_type' => 'SIMPLE',
  'table' => 'cate',
  'type' => 'ref',
  'possible_keys' => 'pid',
  'key' => 'pid',
  'key_len' => '4',
  'ref' => 'const',
  'rows' => 1,
  'extra' => 'Using where; Using filesort',
) ]
[ sql ] [ SQL ] SELECT * FROM `cate` WHERE  `pid` = 41  AND `ist` = 1 ORDER BY `orders`  asc [ RunTime:0.000497s ]
[ sql ] [ EXPLAIN : array (
  'id' => 1,
  'select_type' => 'SIMPLE',
  'table' => 'cate',
  'type' => 'ref',
  'possible_keys' => 'pid',
  'key' => 'pid',
  'key_len' => '4',
  'ref' => 'const',
  'rows' => 6,
  'extra' => 'Using where; Using filesort',
) ]
[ sql ] [ SQL ] SELECT * FROM `cate` WHERE  `pid` = 42  AND `ist` = 1 ORDER BY `orders`  asc [ RunTime:0.000431s ]
[ sql ] [ EXPLAIN : array (
  'id' => 1,
  'select_type' => 'SIMPLE',
  'table' => 'cate',
  'type' => 'ref',
  'possible_keys' => 'pid',
  'key' => 'pid',
  'key_len' => '4',
  'ref' => 'const',
  'rows' => 5,
  'extra' => 'Using where; Using filesort',
) ]
[ sql ] [ SQL ] SELECT * FROM `cate` WHERE  `pid` = 44  AND `ist` = 1 ORDER BY `orders`  asc [ RunTime:0.000410s ]
[ sql ] [ EXPLAIN : array (
  'id' => 1,
  'select_type' => 'SIMPLE',
  'table' => 'cate',
  'type' => 'ref',
  'possible_keys' => 'pid',
  'key' => 'pid',
  'key_len' => '4',
  'ref' => 'const',
  'rows' => 7,
  'extra' => 'Using where; Using filesort',
) ]
[ sql ] [ SQL ] SELECT * FROM `cate` WHERE  `pid` = 67  AND `ist` = 1 ORDER BY `orders`  asc [ RunTime:0.000407s ]
[ sql ] [ EXPLAIN : array (
  'id' => 1,
  'select_type' => 'SIMPLE',
  'table' => 'cate',
  'type' => 'ref',
  'possible_keys' => 'pid',
  'key' => 'pid',
  'key_len' => '4',
  'ref' => 'const',
  'rows' => 1,
  'extra' => 'Using where; Using filesort',
) ]
[ sql ] [ SQL ] SELECT * FROM `cate` WHERE  `pid` = 70  AND `ist` = 1 ORDER BY `orders`  asc [ RunTime:0.000370s ]
[ sql ] [ EXPLAIN : array (
  'id' => 1,
  'select_type' => 'SIMPLE',
  'table' => 'cate',
  'type' => 'ref',
  'possible_keys' => 'pid',
  'key' => 'pid',
  'key_len' => '4',
  'ref' => 'const',
  'rows' => 1,
  'extra' => 'Using where; Using filesort',
) ]
[ sql ] [ SQL ] SELECT * FROM `cate` WHERE  `pid` = 41 [ RunTime:0.000363s ]
[ sql ] [ EXPLAIN : array (
  'id' => 1,
  'select_type' => 'SIMPLE',
  'table' => 'cate',
  'type' => 'ref',
  'possible_keys' => 'pid',
  'key' => 'pid',
  'key_len' => '4',
  'ref' => 'const',
  'rows' => 6,
  'extra' => '',
) ]
[ sql ] [ SQL ] SELECT * FROM `cate` WHERE  `ist` = 1  AND `pid` = 42 ORDER BY `orders`  asc [ RunTime:0.000545s ]
[ sql ] [ EXPLAIN : array (
  'id' => 1,
  'select_type' => 'SIMPLE',
  'table' => 'cate',
  'type' => 'ref',
  'possible_keys' => 'pid',
  'key' => 'pid',
  'key_len' => '4',
  'ref' => 'const',
  'rows' => 5,
  'extra' => 'Using where; Using filesort',
) ]
[ sql ] [ SQL ] SELECT * FROM `cate` WHERE  `ist` = 1  AND `pid` = 44 [ RunTime:0.000469s ]
[ sql ] [ EXPLAIN : array (
  'id' => 1,
  'select_type' => 'SIMPLE',
  'table' => 'cate',
  'type' => 'ref',
  'possible_keys' => 'pid',
  'key' => 'pid',
  'key_len' => '4',
  'ref' => 'const',
  'rows' => 7,
  'extra' => 'Using where',
) ]
[ sql ] [ SQL ] SELECT * FROM `cate` WHERE  `pid` = 70 [ RunTime:0.000368s ]
[ sql ] [ EXPLAIN : array (
  'id' => 1,
  'select_type' => 'SIMPLE',
  'table' => 'cate',
  'type' => 'ref',
  'possible_keys' => 'pid',
  'key' => 'pid',
  'key_len' => '4',
  'ref' => 'const',
  'rows' => 1,
  'extra' => '',
) ]
[ sql ] [ SQL ] SELECT * FROM `cate` WHERE  `pid` = 67 [ RunTime:0.000442s ]
[ sql ] [ EXPLAIN : array (
  'id' => 1,
  'select_type' => 'SIMPLE',
  'table' => 'cate',
  'type' => 'ref',
  'possible_keys' => 'pid',
  'key' => 'pid',
  'key_len' => '4',
  'ref' => 'const',
  'rows' => 1,
  'extra' => '',
) ]
[ sql ] [ SQL ] SHOW COLUMNS FROM `article` [ RunTime:0.014631s ]
[ sql ] [ SQL ] SELECT * FROM `article` WHERE  `cateid` = 40 ORDER BY `orders`  asc LIMIT 16 [ RunTime:0.001925s ]
[ sql ] [ EXPLAIN : array (
  'id' => 1,
  'select_type' => 'SIMPLE',
  'table' => 'article',
  'type' => 'ref',
  'possible_keys' => 'cateid',
  'key' => 'cateid',
  'key_len' => '4',
  'ref' => 'const',
  'rows' => 18,
  'extra' => 'Using where; Using filesort',
) ]
[ sql ] [ SQL ] SELECT * FROM `cate` WHERE  `pid` = 92 [ RunTime:0.000475s ]
[ sql ] [ EXPLAIN : array (
  'id' => 1,
  'select_type' => 'SIMPLE',
  'table' => 'cate',
  'type' => 'ref',
  'possible_keys' => 'pid',
  'key' => 'pid',
  'key_len' => '4',
  'ref' => 'const',
  'rows' => 1,
  'extra' => '',
) ]
[ sql ] [ SQL ] SELECT * FROM `article` WHERE  `cateid` IN (93) ORDER BY `orders`  asc,`id`  desc [ RunTime:0.001479s ]
[ sql ] [ EXPLAIN : array (
  'id' => 1,
  'select_type' => 'SIMPLE',
  'table' => 'article',
  'type' => 'ref',
  'possible_keys' => 'cateid',
  'key' => 'cateid',
  'key_len' => '4',
  'ref' => 'const',
  'rows' => 58,
  'extra' => 'Using where; Using filesort',
) ]
[ sql ] [ SQL ] SELECT * FROM `article` WHERE  `cateid` = 94 ORDER BY `orders`  asc,`id`  desc [ RunTime:0.001119s ]
[ sql ] [ EXPLAIN : array (
  'id' => 1,
  'select_type' => 'SIMPLE',
  'table' => 'article',
  'type' => 'ref',
  'possible_keys' => 'cateid',
  'key' => 'cateid',
  'key_len' => '4',
  'ref' => 'const',
  'rows' => 8,
  'extra' => 'Using where; Using filesort',
) ]
[ sql ] [ SQL ] SHOW COLUMNS FROM `seo` [ RunTime:0.013387s ]
[ sql ] [ SQL ] SELECT * FROM `seo` WHERE  `cate` = '首页' LIMIT 1 [ RunTime:0.000460s ]
[ sql ] [ EXPLAIN : array (
  'id' => 1,
  'select_type' => 'SIMPLE',
  'table' => 'seo',
  'type' => 'ALL',
  'possible_keys' => NULL,
  'key' => NULL,
  'key_len' => NULL,
  'ref' => NULL,
  'rows' => 21,
  'extra' => 'Using where',
) ]
[ sql ] [ SQL ] SELECT * FROM `article` WHERE  `cateid` = 65 LIMIT 1 [ RunTime:0.000522s ]
[ sql ] [ EXPLAIN : array (
  'id' => 1,
  'select_type' => 'SIMPLE',
  'table' => 'article',
  'type' => 'ref',
  'possible_keys' => 'cateid',
  'key' => 'cateid',
  'key_len' => '4',
  'ref' => 'const',
  'rows' => 1,
  'extra' => '',
) ]
[ sql ] [ SQL ] SHOW COLUMNS FROM `banner` [ RunTime:0.013222s ]
[ sql ] [ SQL ] SELECT * FROM `banner` WHERE  `cateid` = 39  AND `ist` = 1 ORDER BY `orders`  asc [ RunTime:0.000502s ]
[ sql ] [ EXPLAIN : array (
  'id' => 1,
  'select_type' => 'SIMPLE',
  'table' => 'banner',
  'type' => 'ALL',
  'possible_keys' => NULL,
  'key' => NULL,
  'key_len' => NULL,
  'ref' => NULL,
  'rows' => 47,
  'extra' => 'Using where; Using filesort',
) ]
[ sql ] [ SQL ] SELECT * FROM `article` WHERE  `cateid` = 57 LIMIT 1 [ RunTime:0.000451s ]
[ sql ] [ EXPLAIN : array (
  'id' => 1,
  'select_type' => 'SIMPLE',
  'table' => 'article',
  'type' => 'ref',
  'possible_keys' => 'cateid',
  'key' => 'cateid',
  'key_len' => '4',
  'ref' => 'const',
  'rows' => 1,
  'extra' => '',
) ]
[ sql ] [ SQL ] SELECT * FROM `article` WHERE  `cateid` IN (41,72,73,74,75,76,77)  AND `ist` = 1 ORDER BY `orders`  asc,`id`  desc LIMIT 9 [ RunTime:0.000942s ]
[ sql ] [ EXPLAIN : array (
  'id' => 1,
  'select_type' => 'SIMPLE',
  'table' => 'article',
  'type' => 'range',
  'possible_keys' => 'cateid,ist',
  'key' => 'cateid',
  'key_len' => '4',
  'ref' => NULL,
  'rows' => 38,
  'extra' => 'Using where; Using filesort',
) ]
[ sql ] [ SQL ] SELECT * FROM `article` WHERE  `cateid` = 58 [ RunTime:0.000558s ]
[ sql ] [ EXPLAIN : array (
  'id' => 1,
  'select_type' => 'SIMPLE',
  'table' => 'article',
  'type' => 'ref',
  'possible_keys' => 'cateid',
  'key' => 'cateid',
  'key_len' => '4',
  'ref' => 'const',
  'rows' => 4,
  'extra' => '',
) ]
[ sql ] [ SQL ] SELECT * FROM `banner` WHERE  `cateid` = 64  AND `ist` = 1 ORDER BY `orders`  asc LIMIT 36 [ RunTime:0.000605s ]
[ sql ] [ EXPLAIN : array (
  'id' => 1,
  'select_type' => 'SIMPLE',
  'table' => 'banner',
  'type' => 'ALL',
  'possible_keys' => NULL,
  'key' => NULL,
  'key_len' => NULL,
  'ref' => NULL,
  'rows' => 47,
  'extra' => 'Using where; Using filesort',
) ]
[ sql ] [ SQL ] SELECT * FROM `article` WHERE  `ist` = 1  AND `cateid` IN (45,46,47,48) ORDER BY `orders`  asc,`id`  desc LIMIT 4 [ RunTime:0.003129s ]
[ sql ] [ EXPLAIN : array (
  'id' => 1,
  'select_type' => 'SIMPLE',
  'table' => 'article',
  'type' => 'ref',
  'possible_keys' => 'cateid,ist',
  'key' => 'ist',
  'key_len' => '1',
  'ref' => 'const',
  'rows' => 883,
  'extra' => 'Using where; Using filesort',
) ]
[ sql ] [ SQL ] SELECT * FROM `cate` WHERE  `ist` = 1  AND `pid` = 42 ORDER BY `orders`  asc [ RunTime:0.000447s ]
[ sql ] [ EXPLAIN : array (
  'id' => 1,
  'select_type' => 'SIMPLE',
  'table' => 'cate',
  'type' => 'ref',
  'possible_keys' => 'pid',
  'key' => 'pid',
  'key_len' => '4',
  'ref' => 'const',
  'rows' => 5,
  'extra' => 'Using where; Using filesort',
) ]
[ sql ] [ SQL ] SELECT * FROM `article` WHERE  `ist` = 1  AND `cateid` = 68 ORDER BY `orders`  asc,`id`  desc LIMIT 20 [ RunTime:0.002281s ]
[ sql ] [ EXPLAIN : array (
  'id' => 1,
  'select_type' => 'SIMPLE',
  'table' => 'article',
  'type' => 'ref',
  'possible_keys' => 'cateid,ist',
  'key' => 'cateid',
  'key_len' => '4',
  'ref' => 'const',
  'rows' => 267,
  'extra' => 'Using where; Using filesort',
) ]
[ sql ] [ SQL ] SELECT * FROM `article` WHERE  `ist` = 1  AND `cateid` = 45 ORDER BY `orders`  asc,`id`  desc LIMIT 20 [ RunTime:0.002769s ]
[ sql ] [ EXPLAIN : array (
  'id' => 1,
  'select_type' => 'SIMPLE',
  'table' => 'article',
  'type' => 'ref',
  'possible_keys' => 'cateid,ist',
  'key' => 'cateid',
  'key_len' => '4',
  'ref' => 'const',
  'rows' => 22,
  'extra' => 'Using where; Using filesort',
) ]
[ sql ] [ SQL ] SELECT * FROM `article` WHERE  `ist` = 1  AND `cateid` = 47 ORDER BY `orders`  asc,`id`  desc LIMIT 20 [ RunTime:0.002267s ]
[ sql ] [ EXPLAIN : array (
  'id' => 1,
  'select_type' => 'SIMPLE',
  'table' => 'article',
  'type' => 'ref',
  'possible_keys' => 'cateid,ist',
  'key' => 'cateid',
  'key_len' => '4',
  'ref' => 'const',
  'rows' => 235,
  'extra' => 'Using where; Using filesort',
) ]
[ sql ] [ SQL ] SELECT * FROM `article` WHERE  `ist` = 1  AND `cateid` = 48 ORDER BY `orders`  asc,`id`  desc LIMIT 20 [ RunTime:0.002064s ]
[ sql ] [ EXPLAIN : array (
  'id' => 1,
  'select_type' => 'SIMPLE',
  'table' => 'article',
  'type' => 'ref',
  'possible_keys' => 'cateid,ist',
  'key' => 'cateid',
  'key_len' => '4',
  'ref' => 'const',
  'rows' => 152,
  'extra' => 'Using where; Using filesort',
) ]
[ sql ] [ SQL ] SELECT * FROM `article` WHERE  `ist` = 1  AND `cateid` = 95 ORDER BY `orders`  asc,`id`  desc LIMIT 20 [ RunTime:0.003541s ]
[ sql ] [ EXPLAIN : array (
  'id' => 1,
  'select_type' => 'SIMPLE',
  'table' => 'article',
  'type' => 'index_merge',
  'possible_keys' => 'cateid,ist',
  'key' => 'cateid,ist',
  'key_len' => '4,1',
  'ref' => NULL,
  'rows' => 58,
  'extra' => 'Using intersect(cateid,ist); Using where; Using filesort',
) ]
[ sql ] [ SQL ] SELECT * FROM `article` WHERE  `ist` = 1  AND `cateid` = 45 ORDER BY `orders`  asc,`id`  desc LIMIT 20 [ RunTime:0.002879s ]
[ sql ] [ EXPLAIN : array (
  'id' => 1,
  'select_type' => 'SIMPLE',
  'table' => 'article',
  'type' => 'ref',
  'possible_keys' => 'cateid,ist',
  'key' => 'cateid',
  'key_len' => '4',
  'ref' => 'const',
  'rows' => 22,
  'extra' => 'Using where; Using filesort',
) ]
[ sql ] [ SQL ] SELECT * FROM `article` WHERE  `ist` = 1  AND `cateid` = 46 ORDER BY `orders`  asc,`id`  desc LIMIT 20 [ RunTime:0.000464s ]
[ sql ] [ EXPLAIN : array (
  'id' => 1,
  'select_type' => 'SIMPLE',
  'table' => 'article',
  'type' => 'ref',
  'possible_keys' => 'cateid,ist',
  'key' => 'cateid',
  'key_len' => '4',
  'ref' => 'const',
  'rows' => 1,
  'extra' => 'Using where; Using filesort',
) ]
[ sql ] [ SQL ] SELECT * FROM `article` WHERE  `ist` = 1  AND `cateid` = 47 ORDER BY `orders`  asc,`id`  desc LIMIT 20 [ RunTime:0.002142s ]
[ sql ] [ EXPLAIN : array (
  'id' => 1,
  'select_type' => 'SIMPLE',
  'table' => 'article',
  'type' => 'ref',
  'possible_keys' => 'cateid,ist',
  'key' => 'cateid',
  'key_len' => '4',
  'ref' => 'const',
  'rows' => 235,
  'extra' => 'Using where; Using filesort',
) ]
[ sql ] [ SQL ] SELECT * FROM `article` WHERE  `ist` = 1  AND `cateid` = 83 ORDER BY `orders`  asc,`id`  desc LIMIT 20 [ RunTime:0.000484s ]
[ sql ] [ EXPLAIN : array (
  'id' => 1,
  'select_type' => 'SIMPLE',
  'table' => 'article',
  'type' => 'ref',
  'possible_keys' => 'cateid,ist',
  'key' => 'cateid',
  'key_len' => '4',
  'ref' => 'const',
  'rows' => 1,
  'extra' => 'Using where; Using filesort',
) ]
[ sql ] [ SQL ] SELECT * FROM `article` WHERE  `ist` = 1  AND `cateid` = 88 ORDER BY `orders`  asc,`id`  desc LIMIT 20 [ RunTime:0.000537s ]
[ sql ] [ EXPLAIN : array (
  'id' => 1,
  'select_type' => 'SIMPLE',
  'table' => 'article',
  'type' => 'ref',
  'possible_keys' => 'cateid,ist',
  'key' => 'cateid',
  'key_len' => '4',
  'ref' => 'const',
  'rows' => 1,
  'extra' => 'Using where; Using filesort',
) ]
[ sql ] [ SQL ] SELECT * FROM `cate` WHERE  `pid` = 41 ORDER BY `id`  desc LIMIT 4 [ RunTime:0.000509s ]
[ sql ] [ EXPLAIN : array (
  'id' => 1,
  'select_type' => 'SIMPLE',
  'table' => 'cate',
  'type' => 'ref',
  'possible_keys' => 'pid',
  'key' => 'pid',
  'key_len' => '4',
  'ref' => 'const',
  'rows' => 6,
  'extra' => 'Using where',
) ]
[ sql ] [ SQL ] SELECT * FROM `article` WHERE  `cateid` = 77  AND `ist` = 1 ORDER BY `orders`  asc,`id`  desc LIMIT 9 [ RunTime:0.000818s ]
[ sql ] [ EXPLAIN : array (
  'id' => 1,
  'select_type' => 'SIMPLE',
  'table' => 'article',
  'type' => 'ref',
  'possible_keys' => 'cateid,ist',
  'key' => 'cateid',
  'key_len' => '4',
  'ref' => 'const',
  'rows' => 9,
  'extra' => 'Using where; Using filesort',
) ]
[ sql ] [ SQL ] SELECT * FROM `article` WHERE  `cateid` = 76  AND `ist` = 1 ORDER BY `orders`  asc,`id`  desc LIMIT 9 [ RunTime:0.000700s ]
[ sql ] [ EXPLAIN : array (
  'id' => 1,
  'select_type' => 'SIMPLE',
  'table' => 'article',
  'type' => 'ref',
  'possible_keys' => 'cateid,ist',
  'key' => 'cateid',
  'key_len' => '4',
  'ref' => 'const',
  'rows' => 11,
  'extra' => 'Using where; Using filesort',
) ]
[ sql ] [ SQL ] SELECT * FROM `article` WHERE  `cateid` = 75  AND `ist` = 1 ORDER BY `orders`  asc,`id`  desc LIMIT 9 [ RunTime:0.000609s ]
[ sql ] [ EXPLAIN : array (
  'id' => 1,
  'select_type' => 'SIMPLE',
  'table' => 'article',
  'type' => 'ref',
  'possible_keys' => 'cateid,ist',
  'key' => 'cateid',
  'key_len' => '4',
  'ref' => 'const',
  'rows' => 9,
  'extra' => 'Using where; Using filesort',
) ]
[ sql ] [ SQL ] SELECT * FROM `article` WHERE  `cateid` = 74  AND `ist` = 1 ORDER BY `orders`  asc,`id`  desc LIMIT 9 [ RunTime:0.000558s ]
[ sql ] [ EXPLAIN : array (
  'id' => 1,
  'select_type' => 'SIMPLE',
  'table' => 'article',
  'type' => 'ref',
  'possible_keys' => 'cateid,ist',
  'key' => 'cateid',
  'key_len' => '4',
  'ref' => 'const',
  'rows' => 4,
  'extra' => 'Using where; Using filesort',
) ]
