---------------------------------------------------------------
[ 2019-07-26T09:27:46+08:00 ] 127.0.0.1 GET /
[ sql ] [ DB ] CONNECT:[ UseTime:0.024548s ] mysql:host=127.0.0.1;port=3306;dbname=yuntianxiav2;charset=utf8
[ sql ] [ SQL ] SHOW COLUMNS FROM `config` [ RunTime:0.019110s ]
[ sql ] [ SQL ] SELECT * FROM `config` LIMIT 1 [ RunTime:0.000896s ]
[ sql ] [ EXPLAIN : array (
  'id' => 1,
  'select_type' => 'SIMPLE',
  'table' => 'config',
  'type' => 'ALL',
  'possible_keys' => NULL,
  'key' => NULL,
  'key_len' => NULL,
  'ref' => NULL,
  'rows' => 1,
  'extra' => '',
) ]
[ sql ] [ SQL ] SHOW COLUMNS FROM `cate` [ RunTime:0.017999s ]
[ sql ] [ SQL ] SELECT * FROM `cate` WHERE  `tid` = 1  AND `pid` = 0  AND `ist` = 1 [ RunTime:0.000735s ]
[ sql ] [ EXPLAIN : array (
  'id' => 1,
  'select_type' => 'SIMPLE',
  'table' => 'cate',
  'type' => 'ref',
  'possible_keys' => 'tid,pid',
  'key' => 'pid',
  'key_len' => '4',
  'ref' => 'const',
  'rows' => 16,
  'extra' => 'Using where',
) ]
[ sql ] [ SQL ] SHOW COLUMNS FROM `friendlink` [ RunTime:0.015768s ]
[ sql ] [ SQL ] SELECT * FROM `friendlink` WHERE  `ist` = 1 ORDER BY `orders`  asc [ RunTime:0.000663s ]
[ sql ] [ EXPLAIN : array (
  'id' => 1,
  'select_type' => 'SIMPLE',
  'table' => 'friendlink',
  'type' => 'ALL',
  'possible_keys' => NULL,
  'key' => NULL,
  'key_len' => NULL,
  'ref' => NULL,
  'rows' => 24,
  'extra' => 'Using where; Using filesort',
) ]
[ sql ] [ SQL ] SELECT * FROM `cate` WHERE  `pid` = 25  AND `ist` = 1 ORDER BY `orders`  asc [ RunTime:0.000597s ]
[ sql ] [ EXPLAIN : array (
  'id' => 1,
  'select_type' => 'SIMPLE',
  'table' => 'cate',
  'type' => 'ref',
  'possible_keys' => 'pid',
  'key' => 'pid',
  'key_len' => '4',
  'ref' => 'const',
  'rows' => 1,
  'extra' => 'Using where; Using filesort',
) ]
[ sql ] [ SQL ] SELECT * FROM `cate` WHERE  `pid` = 26  AND `ist` = 1 ORDER BY `orders`  asc [ RunTime:0.000460s ]
[ sql ] [ EXPLAIN : array (
  'id' => 1,
  'select_type' => 'SIMPLE',
  'table' => 'cate',
  'type' => 'ref',
  'possible_keys' => 'pid',
  'key' => 'pid',
  'key_len' => '4',
  'ref' => 'const',
  'rows' => 4,
  'extra' => 'Using where; Using filesort',
) ]
[ sql ] [ SQL ] SELECT * FROM `cate` WHERE  `pid` = 40  AND `ist` = 1 ORDER BY `orders`  asc [ RunTime:0.000458s ]
[ sql ] [ EXPLAIN : array (
  'id' => 1,
  'select_type' => 'SIMPLE',
  'table' => 'cate',
  'type' => 'ref',
  'possible_keys' => 'pid',
  'key' => 'pid',
  'key_len' => '4',
  'ref' => 'const',
  'rows' => 1,
  'extra' => 'Using where; Using filesort',
) ]
[ sql ] [ SQL ] SELECT * FROM `cate` WHERE  `pid` = 41  AND `ist` = 1 ORDER BY `orders`  asc [ RunTime:0.000437s ]
[ sql ] [ EXPLAIN : array (
  'id' => 1,
  'select_type' => 'SIMPLE',
  'table' => 'cate',
  'type' => 'ref',
  'possible_keys' => 'pid',
  'key' => 'pid',
  'key_len' => '4',
  'ref' => 'const',
  'rows' => 6,
  'extra' => 'Using where; Using filesort',
) ]
[ sql ] [ SQL ] SELECT * FROM `cate` WHERE  `pid` = 42  AND `ist` = 1 ORDER BY `orders`  asc [ RunTime:0.000452s ]
[ sql ] [ EXPLAIN : array (
  'id' => 1,
  'select_type' => 'SIMPLE',
  'table' => 'cate',
  'type' => 'ref',
  'possible_keys' => 'pid',
  'key' => 'pid',
  'key_len' => '4',
  'ref' => 'const',
  'rows' => 5,
  'extra' => 'Using where; Using filesort',
) ]
[ sql ] [ SQL ] SELECT * FROM `cate` WHERE  `pid` = 44  AND `ist` = 1 ORDER BY `orders`  asc [ RunTime:0.000419s ]
[ sql ] [ EXPLAIN : array (
  'id' => 1,
  'select_type' => 'SIMPLE',
  'table' => 'cate',
  'type' => 'ref',
  'possible_keys' => 'pid',
  'key' => 'pid',
  'key_len' => '4',
  'ref' => 'const',
  'rows' => 7,
  'extra' => 'Using where; Using filesort',
) ]
[ sql ] [ SQL ] SELECT * FROM `cate` WHERE  `pid` = 67  AND `ist` = 1 ORDER BY `orders`  asc [ RunTime:0.000424s ]
[ sql ] [ EXPLAIN : array (
  'id' => 1,
  'select_type' => 'SIMPLE',
  'table' => 'cate',
  'type' => 'ref',
  'possible_keys' => 'pid',
  'key' => 'pid',
  'key_len' => '4',
  'ref' => 'const',
  'rows' => 1,
  'extra' => 'Using where; Using filesort',
) ]
[ sql ] [ SQL ] SELECT * FROM `cate` WHERE  `pid` = 70  AND `ist` = 1 ORDER BY `orders`  asc [ RunTime:0.000355s ]
[ sql ] [ EXPLAIN : array (
  'id' => 1,
  'select_type' => 'SIMPLE',
  'table' => 'cate',
  'type' => 'ref',
  'possible_keys' => 'pid',
  'key' => 'pid',
  'key_len' => '4',
  'ref' => 'const',
  'rows' => 1,
  'extra' => 'Using where; Using filesort',
) ]
[ sql ] [ SQL ] SELECT * FROM `cate` WHERE  `pid` = 41 [ RunTime:0.000357s ]
[ sql ] [ EXPLAIN : array (
  'id' => 1,
  'select_type' => 'SIMPLE',
  'table' => 'cate',
  'type' => 'ref',
  'possible_keys' => 'pid',
  'key' => 'pid',
  'key_len' => '4',
  'ref' => 'const',
  'rows' => 6,
  'extra' => '',
) ]
[ sql ] [ SQL ] SELECT * FROM `cate` WHERE  `ist` = 1  AND `pid` = 42 ORDER BY `orders`  asc [ RunTime:0.000409s ]
[ sql ] [ EXPLAIN : array (
  'id' => 1,
  'select_type' => 'SIMPLE',
  'table' => 'cate',
  'type' => 'ref',
  'possible_keys' => 'pid',
  'key' => 'pid',
  'key_len' => '4',
  'ref' => 'const',
  'rows' => 5,
  'extra' => 'Using where; Using filesort',
) ]
[ sql ] [ SQL ] SELECT * FROM `cate` WHERE  `ist` = 1  AND `pid` = 44 [ RunTime:0.000391s ]
[ sql ] [ EXPLAIN : array (
  'id' => 1,
  'select_type' => 'SIMPLE',
  'table' => 'cate',
  'type' => 'ref',
  'possible_keys' => 'pid',
  'key' => 'pid',
  'key_len' => '4',
  'ref' => 'const',
  'rows' => 7,
  'extra' => 'Using where',
) ]
[ sql ] [ SQL ] SELECT * FROM `cate` WHERE  `pid` = 70 [ RunTime:0.000355s ]
[ sql ] [ EXPLAIN : array (
  'id' => 1,
  'select_type' => 'SIMPLE',
  'table' => 'cate',
  'type' => 'ref',
  'possible_keys' => 'pid',
  'key' => 'pid',
  'key_len' => '4',
  'ref' => 'const',
  'rows' => 1,
  'extra' => '',
) ]
[ sql ] [ SQL ] SELECT * FROM `cate` WHERE  `pid` = 67 [ RunTime:0.000332s ]
[ sql ] [ EXPLAIN : array (
  'id' => 1,
  'select_type' => 'SIMPLE',
  'table' => 'cate',
  'type' => 'ref',
  'possible_keys' => 'pid',
  'key' => 'pid',
  'key_len' => '4',
  'ref' => 'const',
  'rows' => 1,
  'extra' => '',
) ]
[ sql ] [ SQL ] SHOW COLUMNS FROM `article` [ RunTime:0.026665s ]
[ sql ] [ SQL ] SELECT * FROM `article` WHERE  `cateid` = 40 ORDER BY `orders`  asc LIMIT 16 [ RunTime:0.004269s ]
[ sql ] [ EXPLAIN : array (
  'id' => 1,
  'select_type' => 'SIMPLE',
  'table' => 'article',
  'type' => 'ref',
  'possible_keys' => 'cateid',
  'key' => 'cateid',
  'key_len' => '4',
  'ref' => 'const',
  'rows' => 18,
  'extra' => 'Using where; Using filesort',
) ]
[ sql ] [ SQL ] SELECT * FROM `cate` WHERE  `pid` = 92 [ RunTime:0.000447s ]
[ sql ] [ EXPLAIN : array (
  'id' => 1,
  'select_type' => 'SIMPLE',
  'table' => 'cate',
  'type' => 'ref',
  'possible_keys' => 'pid',
  'key' => 'pid',
  'key_len' => '4',
  'ref' => 'const',
  'rows' => 1,
  'extra' => '',
) ]
[ sql ] [ SQL ] SELECT * FROM `article` WHERE  `cateid` IN (93) ORDER BY `orders`  asc,`id`  desc [ RunTime:0.008978s ]
[ sql ] [ EXPLAIN : array (
  'id' => 1,
  'select_type' => 'SIMPLE',
  'table' => 'article',
  'type' => 'ref',
  'possible_keys' => 'cateid',
  'key' => 'cateid',
  'key_len' => '4',
  'ref' => 'const',
  'rows' => 58,
  'extra' => 'Using where; Using filesort',
) ]
[ sql ] [ SQL ] SELECT * FROM `article` WHERE  `cateid` = 94 ORDER BY `orders`  asc,`id`  desc [ RunTime:0.001899s ]
[ sql ] [ EXPLAIN : array (
  'id' => 1,
  'select_type' => 'SIMPLE',
  'table' => 'article',
  'type' => 'ref',
  'possible_keys' => 'cateid',
  'key' => 'cateid',
  'key_len' => '4',
  'ref' => 'const',
  'rows' => 8,
  'extra' => 'Using where; Using filesort',
) ]
[ sql ] [ SQL ] SHOW COLUMNS FROM `seo` [ RunTime:0.015767s ]
[ sql ] [ SQL ] SELECT * FROM `seo` WHERE  `cate` = '标签' LIMIT 1 [ RunTime:0.000481s ]
[ sql ] [ EXPLAIN : array (
  'id' => 1,
  'select_type' => 'SIMPLE',
  'table' => 'seo',
  'type' => 'ALL',
  'possible_keys' => NULL,
  'key' => NULL,
  'key_len' => NULL,
  'ref' => NULL,
  'rows' => 21,
  'extra' => 'Using where',
) ]
[ sql ] [ SQL ] SELECT * FROM `article` WHERE  `cateid` IN (41,72,73,74,75,76,77) ORDER BY `id`  desc LIMIT 6 [ RunTime:0.001949s ]
[ sql ] [ EXPLAIN : array (
  'id' => 1,
  'select_type' => 'SIMPLE',
  'table' => 'article',
  'type' => 'range',
  'possible_keys' => 'cateid',
  'key' => 'cateid',
  'key_len' => '4',
  'ref' => NULL,
  'rows' => 38,
  'extra' => 'Using where; Using filesort',
) ]
[ sql ] [ SQL ] SELECT * FROM `article` WHERE  `cateid` = 94 ORDER BY `orders`  asc,`id`  desc LIMIT 3 [ RunTime:0.000516s ]
[ sql ] [ EXPLAIN : array (
  'id' => 1,
  'select_type' => 'SIMPLE',
  'table' => 'article',
  'type' => 'ref',
  'possible_keys' => 'cateid',
  'key' => 'cateid',
  'key_len' => '4',
  'ref' => 'const',
  'rows' => 8,
  'extra' => 'Using where; Using filesort',
) ]
[ sql ] [ SQL ] SELECT * FROM `article` WHERE  `cateid` IN (45,47,48,68,95)  AND `seourl` = '/' ORDER BY `orders`  asc,`id`  desc LIMIT 10 [ RunTime:0.065729s ]
[ sql ] [ EXPLAIN : array (
  'id' => 1,
  'select_type' => 'SIMPLE',
  'table' => 'article',
  'type' => 'range',
  'possible_keys' => 'cateid',
  'key' => 'cateid',
  'key_len' => '4',
  'ref' => NULL,
  'rows' => 737,
  'extra' => 'Using where; Using filesort',
) ]
[ sql ] [ SQL ] SELECT * FROM `article` WHERE  `url` = '/'  AND `cateid` > 92 LIMIT 1 [ RunTime:0.005594s ]
[ sql ] [ EXPLAIN : array (
  'id' => 1,
  'select_type' => 'SIMPLE',
  'table' => 'article',
  'type' => 'range',
  'possible_keys' => 'cateid',
  'key' => 'cateid',
  'key_len' => '4',
  'ref' => NULL,
  'rows' => 128,
  'extra' => 'Using where',
) ]
[ sql ] [ SQL ] SELECT * FROM `article` WHERE  `cateid` IN (41,72,73,74,75,76,77) ORDER BY `id`  desc LIMIT 6 [ RunTime:0.000750s ]
[ sql ] [ EXPLAIN : array (
  'id' => 1,
  'select_type' => 'SIMPLE',
  'table' => 'article',
  'type' => 'range',
  'possible_keys' => 'cateid',
  'key' => 'cateid',
  'key_len' => '4',
  'ref' => NULL,
  'rows' => 38,
  'extra' => 'Using where; Using filesort',
) ]
[ sql ] [ SQL ] SHOW COLUMNS FROM `city` [ RunTime:0.017897s ]
[ sql ] [ SQL ] SELECT * FROM `city` WHERE  `cate` = '' LIMIT 1 [ RunTime:0.000527s ]
[ sql ] [ EXPLAIN : array (
  'id' => 1,
  'select_type' => 'SIMPLE',
  'table' => 'city',
  'type' => 'ALL',
  'possible_keys' => NULL,
  'key' => NULL,
  'key_len' => NULL,
  'ref' => NULL,
  'rows' => 2,
  'extra' => 'Using where',
) ]
[ sql ] [ SQL ] SELECT * FROM `article` WHERE  `cateid` IN (45,47,48,68,95)  AND `seourl` = '/'  AND `cityid` IS NULL ORDER BY `orders`  asc,`id`  desc LIMIT 9 [ RunTime:0.002706s ]
[ sql ] [ EXPLAIN : array (
  'id' => 1,
  'select_type' => 'SIMPLE',
  'table' => 'article',
  'type' => 'range',
  'possible_keys' => 'cateid',
  'key' => 'cateid',
  'key_len' => '4',
  'ref' => NULL,
  'rows' => 737,
  'extra' => 'Using where; Using filesort',
) ]
[ sql ] [ SQL ] SELECT * FROM `article` WHERE  `cateid` IN (48)  AND `cityid` = 0 ORDER BY `orders`  asc,`id`  desc LIMIT 9 [ RunTime:0.000913s ]
[ sql ] [ EXPLAIN : array (
  'id' => 1,
  'select_type' => 'SIMPLE',
  'table' => 'article',
  'type' => 'ref',
  'possible_keys' => 'cateid',
  'key' => 'cateid',
  'key_len' => '4',
  'ref' => 'const',
  'rows' => 152,
  'extra' => 'Using where; Using filesort',
) ]
[ sql ] [ SQL ] SELECT * FROM `city` [ RunTime:0.000639s ]
[ sql ] [ EXPLAIN : array (
  'id' => 1,
  'select_type' => 'SIMPLE',
  'table' => 'city',
  'type' => 'ALL',
  'possible_keys' => NULL,
  'key' => NULL,
  'key_len' => NULL,
  'ref' => NULL,
  'rows' => 2,
  'extra' => '',
) ]
